<?xml version="1.0" encoding="UTF-8"?>
<coverage generated="1780423711381" clover="3.2.0">
  <project timestamp="1780423711381" name="All files">
    <metrics statements="531" coveredstatements="358" conditionals="488" coveredconditionals="274" methods="95" coveredmethods="68" elements="1114" coveredelements="700" complexity="0" loc="531" ncloc="531" packages="4" files="4" classes="4"/>
    <package name="analytics">
      <metrics statements="186" coveredstatements="186" conditionals="164" coveredconditionals="139" methods="35" coveredmethods="35"/>
      <file name="analytics.service.ts" path="/Users/m2pro/dev/projects/rtb-gis-schools-monitoring-system/server/src/modules/analytics/analytics.service.ts">
        <metrics statements="186" coveredstatements="186" conditionals="164" coveredconditionals="139" methods="35" coveredmethods="35"/>
        <line num="1" count="2" type="stmt"/>
        <line num="2" count="2" type="stmt"/>
        <line num="3" count="2" type="stmt"/>
        <line num="4" count="2" type="stmt"/>
        <line num="5" count="2" type="stmt"/>
        <line num="9" count="2" type="stmt"/>
        <line num="10" count="2" type="stmt"/>
        <line num="14" count="2" type="stmt"/>
        <line num="15" count="2" type="stmt"/>
        <line num="19" count="2" type="stmt"/>
        <line num="20" count="2" type="stmt"/>
        <line num="23" count="2" type="stmt"/>
        <line num="24" count="75" type="stmt"/>
        <line num="28" count="75" type="cond" truecount="6" falsecount="2"/>
        <line num="30" count="75" type="cond" truecount="3" falsecount="1"/>
        <line num="32" count="75" type="cond" truecount="3" falsecount="1"/>
        <line num="34" count="75" type="cond" truecount="3" falsecount="1"/>
        <line num="36" count="75" type="cond" truecount="3" falsecount="1"/>
        <line num="38" count="75" type="stmt"/>
        <line num="43" count="2" type="stmt"/>
        <line num="63" count="2" type="stmt"/>
        <line num="79" count="2" type="stmt"/>
        <line num="82" count="2" type="stmt"/>
        <line num="95" count="4" type="stmt"/>
        <line num="100" count="4" type="cond" truecount="2" falsecount="0"/>
        <line num="101" count="2" type="stmt"/>
        <line num="102" count="4" type="cond" truecount="2" falsecount="0"/>
        <line num="103" count="2" type="stmt"/>
        <line num="105" count="4" type="stmt"/>
        <line num="109" count="2" type="stmt"/>
        <line num="113" count="2" type="stmt"/>
        <line num="114" count="2" type="stmt"/>
        <line num="115" count="3" type="stmt"/>
        <line num="116" count="3" type="stmt"/>
        <line num="118" count="2" type="stmt"/>
        <line num="124" count="4" type="stmt"/>
        <line num="128" count="4" type="cond" truecount="2" falsecount="0"/>
        <line num="129" count="2" type="stmt"/>
        <line num="131" count="2" type="stmt"/>
        <line num="135" count="2" type="cond" truecount="3" falsecount="1"/>
        <line num="136" count="2" type="stmt"/>
        <line num="137" count="2" type="stmt"/>
        <line num="138" count="1" type="stmt"/>
        <line num="140" count="1" type="cond" truecount="1" falsecount="1"/>
        <line num="141" count="1" type="stmt"/>
        <line num="148" count="9" type="stmt"/>
        <line num="153" count="9" type="cond" truecount="2" falsecount="0"/>
        <line num="154" count="1" type="stmt"/>
        <line num="157" count="8" type="stmt"/>
        <line num="159" count="8" type="stmt"/>
        <line num="161" count="8" type="stmt"/>
        <line num="162" count="8" type="cond" truecount="1" falsecount="1"/>
        <line num="163" count="8" type="cond" truecount="1" falsecount="1"/>
        <line num="165" count="8" type="stmt"/>
        <line num="166" count="2" type="cond" truecount="1" falsecount="1"/>
        <line num="169" count="8" type="stmt"/>
        <line num="170" count="2" type="cond" truecount="1" falsecount="1"/>
        <line num="174" count="8" type="cond" truecount="2" falsecount="0"/>
        <line num="177" count="8" type="stmt"/>
        <line num="179" count="8" type="cond" truecount="2" falsecount="0"/>
        <line num="180" count="8" type="cond" truecount="2" falsecount="0"/>
        <line num="181" count="8" type="stmt"/>
        <line num="183" count="8" type="stmt"/>
        <line num="190" count="8" type="cond" truecount="2" falsecount="0"/>
        <line num="192" count="8" type="stmt"/>
        <line num="193" count="8" type="stmt"/>
        <line num="194" count="1" type="stmt"/>
        <line num="197" count="8" type="cond" truecount="2" falsecount="0"/>
        <line num="198" count="1" type="stmt"/>
        <line num="201" count="8" type="cond" truecount="2" falsecount="0"/>
        <line num="203" count="8" type="stmt"/>
        <line num="204" count="8" type="stmt"/>
        <line num="209" count="8" type="stmt"/>
        <line num="210" count="8" type="stmt"/>
        <line num="211" count="8" type="stmt"/>
        <line num="212" count="8" type="stmt"/>
        <line num="213" count="8" type="stmt"/>
        <line num="215" count="8" type="stmt"/>
        <line num="216" count="8" type="stmt"/>
        <line num="217" count="8" type="stmt"/>
        <line num="218" count="8" type="stmt"/>
        <line num="219" count="8" type="stmt"/>
        <line num="221" count="8" type="stmt"/>
        <line num="222" count="8" type="stmt"/>
        <line num="223" count="8" type="stmt"/>
        <line num="225" count="8" type="stmt"/>
        <line num="226" count="8" type="stmt"/>
        <line num="230" count="8" type="stmt"/>
        <line num="234" count="8" type="cond" truecount="1" falsecount="1"/>
        <line num="236" count="8" type="stmt"/>
        <line num="237" count="8" type="stmt"/>
        <line num="238" count="8" type="stmt"/>
        <line num="239" count="8" type="stmt"/>
        <line num="240" count="8" type="stmt"/>
        <line num="243" count="8" type="stmt"/>
        <line num="244" count="8" type="stmt"/>
        <line num="246" count="8" type="stmt"/>
        <line num="247" count="8" type="cond" truecount="2" falsecount="0"/>
        <line num="248" count="8" type="cond" truecount="1" falsecount="1"/>
        <line num="249" count="8" type="cond" truecount="2" falsecount="0"/>
        <line num="250" count="8" type="stmt"/>
        <line num="255" count="8" type="stmt"/>
        <line num="260" count="8" type="stmt"/>
        <line num="263" count="5" type="stmt"/>
        <line num="265" count="5" type="stmt"/>
        <line num="267" count="5" type="stmt"/>
        <line num="269" count="5" type="stmt"/>
        <line num="271" count="5" type="stmt"/>
        <line num="273" count="2" type="stmt"/>
        <line num="282" count="8" type="stmt"/>
        <line num="284" count="8" type="stmt"/>
        <line num="288" count="33" type="cond" truecount="1" falsecount="1"/>
        <line num="289" count="33" type="stmt"/>
        <line num="292" count="33" type="stmt"/>
        <line num="297" count="33" type="stmt"/>
        <line num="300" count="33" type="stmt"/>
        <line num="308" count="33" type="stmt"/>
        <line num="313" count="33" type="cond" truecount="1" falsecount="1"/>
        <line num="314" count="33" type="stmt"/>
        <line num="315" count="9" type="cond" truecount="1" falsecount="1"/>
        <line num="319" count="33" type="cond" truecount="2" falsecount="0"/>
        <line num="324" count="33" type="stmt"/>
        <line num="326" count="33" type="stmt"/>
        <line num="330" count="33" type="stmt"/>
        <line num="331" count="33" type="stmt"/>
        <line num="341" count="33" type="stmt"/>
        <line num="345" count="33" type="cond" truecount="2" falsecount="0"/>
        <line num="366" count="33" type="stmt"/>
        <line num="369" count="33" type="stmt"/>
        <line num="373" count="33" type="stmt"/>
        <line num="377" count="43" type="cond" truecount="4" falsecount="0"/>
        <line num="379" count="24" type="stmt"/>
        <line num="386" count="46" type="cond" truecount="2" falsecount="0"/>
        <line num="388" count="24" type="stmt"/>
        <line num="395" count="43" type="stmt"/>
        <line num="396" count="43" type="stmt"/>
        <line num="397" count="39" type="stmt"/>
        <line num="398" count="34" type="stmt"/>
        <line num="401" count="43" type="cond" truecount="2" falsecount="0"/>
        <line num="402" count="19" type="stmt"/>
        <line num="403" count="34" type="stmt"/>
        <line num="404" count="24" type="cond" truecount="2" falsecount="0"/>
        <line num="405" count="3" type="stmt"/>
        <line num="407" count="21" type="stmt"/>
        <line num="411" count="22" type="cond" truecount="2" falsecount="0"/>
        <line num="412" count="13" type="cond" truecount="2" falsecount="0"/>
        <line num="413" count="11" type="cond" truecount="2" falsecount="0"/>
        <line num="414" count="5" type="stmt"/>
        <line num="421" count="42" type="cond" truecount="2" falsecount="0"/>
        <line num="422" count="11" type="cond" truecount="2" falsecount="0"/>
        <line num="423" count="11" type="cond" truecount="1" falsecount="1"/>
        <line num="424" count="11" type="stmt"/>
        <line num="426" count="11" type="cond" truecount="2" falsecount="0"/>
        <line num="427" count="6" type="cond" truecount="2" falsecount="0"/>
        <line num="428" count="5" type="cond" truecount="2" falsecount="0"/>
        <line num="429" count="4" type="cond" truecount="2" falsecount="0"/>
        <line num="430" count="1" type="stmt"/>
        <line num="435" count="41" type="cond" truecount="2" falsecount="0"/>
        <line num="436" count="35" type="cond" truecount="2" falsecount="0"/>
        <line num="437" count="15" type="cond" truecount="2" falsecount="0"/>
        <line num="438" count="9" type="stmt"/>
        <line num="449" count="33" type="stmt"/>
        <line num="450" count="33" type="cond" truecount="1" falsecount="1"/>
        <line num="451" count="33" type="cond" truecount="1" falsecount="1"/>
        <line num="453" count="33" type="cond" truecount="2" falsecount="0"/>
        <line num="454" count="9" type="cond" truecount="1" falsecount="1"/>
        <line num="457" count="33" type="stmt"/>
        <line num="458" count="9" type="cond" truecount="1" falsecount="1"/>
        <line num="462" count="33" type="cond" truecount="2" falsecount="0"/>
        <line num="467" count="33" type="stmt"/>
        <line num="469" count="31" type="cond" truecount="2" falsecount="0"/>
        <line num="472" count="33" type="cond" truecount="2" falsecount="0"/>
        <line num="473" count="8" type="stmt"/>
        <line num="479" count="33" type="cond" truecount="4" falsecount="0"/>
        <line num="480" count="3" type="stmt"/>
        <line num="481" count="3" type="stmt"/>
        <line num="482" count="3" type="stmt"/>
        <line num="487" count="33" type="cond" truecount="2" falsecount="0"/>
        <line num="488" count="24" type="stmt"/>
        <line num="491" count="33" type="stmt"/>
        <line num="497" count="41" type="stmt"/>
        <line num="501" count="41" type="cond" truecount="2" falsecount="0"/>
        <line num="503" count="10" type="stmt"/>
        <line num="509" count="10" type="stmt"/>
        <line num="510" count="14" type="cond" truecount="2" falsecount="0"/>
        <line num="514" count="10" type="stmt"/>
      </file>
    </package>
    <package name="auth">
      <metrics statements="40" coveredstatements="40" conditionals="24" coveredconditionals="21" methods="7" coveredmethods="7"/>
      <file name="auth.service.ts" path="/Users/m2pro/dev/projects/rtb-gis-schools-monitoring-system/server/src/modules/auth/auth.service.ts">
        <metrics statements="40" coveredstatements="40" conditionals="24" coveredconditionals="21" methods="7" coveredmethods="7"/>
        <line num="1" count="1" type="stmt"/>
        <line num="2" count="1" type="stmt"/>
        <line num="3" count="1" type="stmt"/>
        <line num="4" count="1" type="stmt"/>
        <line num="5" count="1" type="stmt"/>
        <line num="6" count="1" type="stmt"/>
        <line num="7" count="1" type="stmt"/>
        <line num="11" count="1" type="stmt"/>
        <line num="14" count="24" type="cond" truecount="6" falsecount="2"/>
        <line num="15" count="24" type="cond" truecount="3" falsecount="1"/>
        <line num="16" count="24" type="stmt"/>
        <line num="20" count="13" type="stmt"/>
        <line num="22" count="13" type="stmt"/>
        <line num="32" count="13" type="cond" truecount="2" falsecount="0"/>
        <line num="34" count="8" type="stmt"/>
        <line num="35" count="8" type="cond" truecount="2" falsecount="0"/>
        <line num="36" count="3" type="stmt"/>
        <line num="39" count="5" type="stmt"/>
        <line num="41" count="5" type="stmt"/>
        <line num="42" count="5" type="stmt"/>
        <line num="44" count="5" type="stmt"/>
        <line num="46" count="5" type="stmt"/>
        <line num="53" count="13" type="stmt"/>
        <line num="63" count="13" type="cond" truecount="4" falsecount="0"/>
        <line num="64" count="7" type="stmt"/>
        <line num="66" count="6" type="stmt"/>
        <line num="67" count="6" type="cond" truecount="2" falsecount="0"/>
        <line num="69" count="3" type="stmt"/>
        <line num="70" count="3" type="stmt"/>
        <line num="71" count="3" type="stmt"/>
        <line num="75" count="1" type="stmt"/>
        <line num="76" count="1" type="stmt"/>
        <line num="80" count="4" type="stmt"/>
        <line num="84" count="4" type="cond" truecount="2" falsecount="0"/>
        <line num="85" count="1" type="stmt"/>
        <line num="89" count="8" type="stmt"/>
        <line num="90" count="8" type="stmt"/>
        <line num="100" count="8" type="stmt"/>
        <line num="104" count="8" type="stmt"/>
        <line num="105" count="8" type="stmt"/>
      </file>
    </package>
    <package name="dashboard">
      <metrics statements="146" coveredstatements="64" conditionals="133" coveredconditionals="50" methods="23" coveredmethods="16"/>
      <file name="dashboard.service.ts" path="/Users/m2pro/dev/projects/rtb-gis-schools-monitoring-system/server/src/modules/dashboard/dashboard.service.ts">
        <metrics statements="146" coveredstatements="64" conditionals="133" coveredconditionals="50" methods="23" coveredmethods="16"/>
        <line num="1" count="1" type="stmt"/>
        <line num="2" count="1" type="stmt"/>
        <line num="3" count="1" type="stmt"/>
        <line num="4" count="1" type="stmt"/>
        <line num="5" count="1" type="stmt"/>
        <line num="6" count="1" type="stmt"/>
        <line num="7" count="1" type="stmt"/>
        <line num="8" count="1" type="stmt"/>
        <line num="9" count="1" type="stmt"/>
        <line num="25" count="1" type="stmt"/>
        <line num="28" count="1" type="stmt"/>
        <line num="31" count="24" type="cond" truecount="6" falsecount="2"/>
        <line num="33" count="24" type="cond" truecount="3" falsecount="1"/>
        <line num="35" count="24" type="cond" truecount="3" falsecount="1"/>
        <line num="36" count="24" type="cond" truecount="3" falsecount="1"/>
        <line num="37" count="24" type="stmt"/>
        <line num="41" count="24" type="stmt"/>
        <line num="45" count="24" type="cond" truecount="2" falsecount="0"/>
        <line num="46" count="2" type="stmt"/>
        <line num="49" count="22" type="cond" truecount="1" falsecount="1"/>
        <line num="50" count="22" type="stmt"/>
        <line num="53" count="22" type="stmt"/>
        <line num="59" count="22" type="stmt"/>
        <line num="60" count="27" type="cond" truecount="2" falsecount="0"/>
        <line num="64" count="22" type="cond" truecount="2" falsecount="0"/>
        <line num="67" count="22" type="stmt"/>
        <line num="68" count="27" type="stmt"/>
        <line num="69" count="27" type="stmt"/>
        <line num="71" count="22" type="cond" truecount="2" falsecount="0"/>
        <line num="72" count="27" type="stmt"/>
        <line num="75" count="22" type="stmt"/>
        <line num="81" count="22" type="stmt"/>
        <line num="83" count="24" type="cond" truecount="2" falsecount="0"/>
        <line num="85" count="24" type="cond" truecount="1" falsecount="1"/>
        <line num="88" count="24" type="stmt"/>
        <line num="89" count="24" type="cond" truecount="1" falsecount="1"/>
        <line num="90" count="24" type="cond" truecount="2" falsecount="0"/>
        <line num="94" count="22" type="cond" truecount="1" falsecount="1"/>
        <line num="95" count="1" type="cond" truecount="1" falsecount="1"/>
        <line num="98" count="22" type="cond" truecount="1" falsecount="1"/>
        <line num="99" count="1" type="cond" truecount="1" falsecount="1"/>
        <line num="103" count="22" type="cond" truecount="2" falsecount="0"/>
        <line num="108" count="22" type="cond" truecount="2" falsecount="0"/>
        <line num="111" count="22" type="cond" truecount="1" falsecount="1"/>
        <line num="112" count="22" type="stmt"/>
        <line num="113" count="27" type="cond" truecount="2" falsecount="0"/>
        <line num="115" count="22" type="stmt"/>
        <line num="116" count="27" type="cond" truecount="2" falsecount="0"/>
        <line num="118" count="22" type="stmt"/>
        <line num="119" count="27" type="cond" truecount="2" falsecount="0"/>
        <line num="122" count="22" type="stmt"/>
        <line num="128" count="22" type="stmt"/>
        <line num="129" count="22" type="stmt"/>
        <line num="130" count="22" type="stmt"/>
        <line num="135" count="22" type="stmt"/>
        <line num="148" count="0" type="stmt"/>
        <line num="150" count="0" type="stmt"/>
        <line num="163" count="0" type="stmt"/>
        <line num="164" count="0" type="stmt"/>
        <line num="167" count="0" type="stmt"/>
        <line num="183" count="0" type="stmt"/>
        <line num="184" count="0" type="cond" truecount="0" falsecount="2"/>
        <line num="185" count="0" type="stmt"/>
        <line num="186" count="0" type="stmt"/>
        <line num="187" count="0" type="stmt"/>
        <line num="189" count="0" type="stmt"/>
        <line num="196" count="0" type="stmt"/>
        <line num="205" count="0" type="stmt"/>
        <line num="212" count="0" type="stmt"/>
        <line num="220" count="0" type="stmt"/>
        <line num="227" count="0" type="stmt"/>
        <line num="228" count="0" type="stmt"/>
        <line num="230" count="0" type="stmt"/>
        <line num="231" count="0" type="stmt"/>
        <line num="236" count="0" type="cond" truecount="0" falsecount="2"/>
        <line num="237" count="0" type="stmt"/>
        <line num="238" count="0" type="stmt"/>
        <line num="239" count="0" type="stmt"/>
        <line num="241" count="0" type="cond" truecount="0" falsecount="2"/>
        <line num="242" count="0" type="stmt"/>
        <line num="246" count="0" type="stmt"/>
        <line num="248" count="0" type="cond" truecount="0" falsecount="2"/>
        <line num="251" count="0" type="cond" truecount="0" falsecount="2"/>
        <line num="252" count="0" type="stmt"/>
        <line num="253" count="0" type="stmt"/>
        <line num="255" count="0" type="stmt"/>
        <line num="257" count="0" type="cond" truecount="0" falsecount="4"/>
        <line num="258" count="0" type="stmt"/>
        <line num="260" count="0" type="stmt"/>
        <line num="263" count="0" type="cond" truecount="0" falsecount="4"/>
        <line num="264" count="0" type="stmt"/>
        <line num="267" count="0" type="cond" truecount="0" falsecount="2"/>
        <line num="268" count="0" type="cond" truecount="0" falsecount="2"/>
        <line num="269" count="0" type="stmt"/>
        <line num="270" count="0" type="stmt"/>
        <line num="271" count="0" type="cond" truecount="0" falsecount="2"/>
        <line num="272" count="0" type="stmt"/>
        <line num="273" count="0" type="stmt"/>
        <line num="274" count="0" type="cond" truecount="0" falsecount="2"/>
        <line num="275" count="0" type="stmt"/>
        <line num="276" count="0" type="stmt"/>
        <line num="277" count="0" type="cond" truecount="0" falsecount="2"/>
        <line num="278" count="0" type="stmt"/>
        <line num="279" count="0" type="stmt"/>
        <line num="282" count="0" type="stmt"/>
        <line num="284" count="0" type="cond" truecount="0" falsecount="4"/>
        <line num="285" count="0" type="cond" truecount="0" falsecount="2"/>
        <line num="286" count="0" type="cond" truecount="0" falsecount="2"/>
        <line num="287" count="0" type="cond" truecount="0" falsecount="2"/>
        <line num="288" count="0" type="stmt"/>
        <line num="289" count="0" type="cond" truecount="0" falsecount="2"/>
        <line num="290" count="0" type="cond" truecount="0" falsecount="2"/>
        <line num="291" count="0" type="cond" truecount="0" falsecount="2"/>
        <line num="296" count="0" type="stmt"/>
        <line num="300" count="0" type="stmt"/>
        <line num="301" count="0" type="cond" truecount="0" falsecount="2"/>
        <line num="302" count="0" type="stmt"/>
        <line num="303" count="0" type="stmt"/>
        <line num="304" count="0" type="stmt"/>
        <line num="309" count="0" type="cond" truecount="0" falsecount="2"/>
        <line num="312" count="0" type="stmt"/>
        <line num="313" count="0" type="stmt"/>
        <line num="314" count="0" type="cond" truecount="0" falsecount="2"/>
        <line num="315" count="0" type="cond" truecount="0" falsecount="2"/>
        <line num="319" count="0" type="stmt"/>
        <line num="320" count="0" type="cond" truecount="0" falsecount="2"/>
        <line num="321" count="0" type="stmt"/>
        <line num="327" count="0" type="stmt"/>
        <line num="328" count="0" type="cond" truecount="0" falsecount="4"/>
        <line num="329" count="0" type="cond" truecount="0" falsecount="4"/>
        <line num="330" count="0" type="stmt"/>
        <line num="333" count="0" type="stmt"/>
        <line num="343" count="0" type="stmt"/>
        <line num="368" count="0" type="stmt"/>
        <line num="376" count="0" type="stmt"/>
        <line num="383" count="22" type="cond" truecount="2" falsecount="0"/>
        <line num="385" count="14" type="stmt"/>
        <line num="386" count="14" type="stmt"/>
        <line num="387" count="27" type="stmt"/>
        <line num="388" count="27" type="stmt"/>
        <line num="390" count="14" type="cond" truecount="1" falsecount="1"/>
        <line num="393" count="27" type="stmt"/>
        <line num="397" count="14" type="cond" truecount="1" falsecount="1"/>
        <line num="398" count="14" type="cond" truecount="1" falsecount="1"/>
        <line num="399" count="0" type="cond" truecount="0" falsecount="2"/>
        <line num="400" count="0" type="stmt"/>
      </file>
    </package>
    <package name="schools">
      <metrics statements="159" coveredstatements="68" conditionals="167" coveredconditionals="64" methods="30" coveredmethods="10"/>
      <file name="schools.service.ts" path="/Users/m2pro/dev/projects/rtb-gis-schools-monitoring-system/server/src/modules/schools/schools.service.ts">
        <metrics statements="159" coveredstatements="68" conditionals="167" coveredconditionals="64" methods="30" coveredmethods="10"/>
        <line num="1" count="1" type="stmt"/>
        <line num="7" count="1" type="stmt"/>
        <line num="8" count="1" type="stmt"/>
        <line num="9" count="1" type="stmt"/>
        <line num="10" count="1" type="stmt"/>
        <line num="11" count="1" type="stmt"/>
        <line num="18" count="1" type="stmt"/>
        <line num="20" count="1" type="stmt"/>
        <line num="24" count="1" type="stmt"/>
        <line num="27" count="1" type="stmt"/>
        <line num="28" count="29" type="stmt"/>
        <line num="32" count="29" type="cond" truecount="6" falsecount="2"/>
        <line num="34" count="29" type="cond" truecount="3" falsecount="1"/>
        <line num="36" count="29" type="cond" truecount="3" falsecount="1"/>
        <line num="38" count="29" type="cond" truecount="3" falsecount="1"/>
        <line num="39" count="29" type="cond" truecount="3" falsecount="1"/>
        <line num="40" count="29" type="stmt"/>
        <line num="44" count="8" type="stmt"/>
        <line num="47" count="8" type="cond" truecount="2" falsecount="0"/>
        <line num="48" count="3" type="stmt"/>
        <line num="53" count="5" type="stmt"/>
        <line num="55" count="5" type="stmt"/>
        <line num="56" count="5" type="stmt"/>
        <line num="59" count="5" type="cond" truecount="4" falsecount="0"/>
        <line num="60" count="3" type="stmt"/>
        <line num="61" count="3" type="stmt"/>
        <line num="62" count="3" type="stmt"/>
        <line num="73" count="3" type="stmt"/>
        <line num="74" count="3" type="stmt"/>
        <line num="86" count="3" type="cond" truecount="1" falsecount="1"/>
        <line num="87" count="3" type="stmt"/>
        <line num="89" count="3" type="stmt"/>
        <line num="90" count="3" type="stmt"/>
        <line num="92" count="2" type="stmt"/>
        <line num="95" count="5" type="stmt"/>
        <line num="115" count="0" type="cond" truecount="0" falsecount="2"/>
        <line num="117" count="0" type="stmt"/>
        <line num="118" count="0" type="cond" truecount="0" falsecount="2"/>
        <line num="119" count="0" type="cond" truecount="0" falsecount="2"/>
        <line num="120" count="0" type="cond" truecount="0" falsecount="2"/>
        <line num="121" count="0" type="cond" truecount="0" falsecount="2"/>
        <line num="123" count="0" type="stmt"/>
        <line num="125" count="0" type="cond" truecount="0" falsecount="2"/>
        <line num="126" count="0" type="stmt"/>
        <line num="133" count="0" type="cond" truecount="0" falsecount="2"/>
        <line num="134" count="0" type="cond" truecount="0" falsecount="2"/>
        <line num="135" count="0" type="cond" truecount="0" falsecount="2"/>
        <line num="136" count="0" type="cond" truecount="0" falsecount="2"/>
        <line num="138" count="0" type="stmt"/>
        <line num="139" count="0" type="stmt"/>
        <line num="141" count="0" type="stmt"/>
        <line num="142" count="0" type="stmt"/>
        <line num="154" count="0" type="stmt"/>
        <line num="158" count="0" type="cond" truecount="0" falsecount="2"/>
        <line num="165" count="0" type="stmt"/>
        <line num="176" count="0" type="stmt"/>
        <line num="180" count="26" type="stmt"/>
        <line num="184" count="26" type="cond" truecount="2" falsecount="0"/>
        <line num="185" count="5" type="stmt"/>
        <line num="186" count="21" type="stmt"/>
        <line num="190" count="6" type="stmt"/>
        <line num="193" count="6" type="stmt"/>
        <line num="196" count="6" type="stmt"/>
        <line num="197" count="6" type="stmt"/>
        <line num="200" count="6" type="cond" truecount="2" falsecount="0"/>
        <line num="201" count="4" type="stmt"/>
        <line num="202" count="4" type="stmt"/>
        <line num="204" count="4" type="stmt"/>
        <line num="207" count="4" type="cond" truecount="2" falsecount="0"/>
        <line num="208" count="3" type="stmt"/>
        <line num="209" count="3" type="stmt"/>
        <line num="220" count="3" type="stmt"/>
        <line num="221" count="3" type="stmt"/>
        <line num="235" count="3" type="cond" truecount="1" falsecount="1"/>
        <line num="236" count="3" type="stmt"/>
        <line num="238" count="3" type="stmt"/>
        <line num="239" count="3" type="stmt"/>
        <line num="241" count="1" type="stmt"/>
        <line num="244" count="2" type="stmt"/>
        <line num="247" count="6" type="stmt"/>
        <line num="251" count="6" type="stmt"/>
        <line num="253" count="3" type="stmt"/>
        <line num="254" count="3" type="stmt"/>
        <line num="258" count="0" type="stmt"/>
        <line num="259" count="0" type="stmt"/>
        <line num="261" count="0" type="stmt"/>
        <line num="282" count="0" type="cond" truecount="0" falsecount="2"/>
        <line num="287" count="0" type="cond" truecount="0" falsecount="2"/>
        <line num="298" count="0" type="stmt"/>
        <line num="299" count="0" type="stmt"/>
        <line num="306" count="0" type="stmt"/>
        <line num="314" count="0" type="stmt"/>
        <line num="321" count="0" type="stmt"/>
        <line num="339" count="6" type="stmt"/>
        <line num="341" count="6" type="stmt"/>
        <line num="343" count="6" type="stmt"/>
        <line num="354" count="12" type="cond" truecount="3" falsecount="0"/>
        <line num="357" count="4" type="cond" truecount="3" falsecount="0"/>
        <line num="361" count="6" type="stmt"/>
        <line num="368" count="0" type="stmt"/>
        <line num="369" count="0" type="stmt"/>
        <line num="371" count="0" type="stmt"/>
        <line num="372" count="0" type="cond" truecount="0" falsecount="2"/>
        <line num="384" count="0" type="stmt"/>
        <line num="386" count="0" type="stmt"/>
        <line num="397" count="0" type="cond" truecount="0" falsecount="3"/>
        <line num="402" count="0" type="cond" truecount="0" falsecount="3"/>
        <line num="407" count="0" type="stmt"/>
        <line num="408" count="0" type="stmt"/>
        <line num="409" count="0" type="stmt"/>
        <line num="410" count="0" type="stmt"/>
        <line num="414" count="0" type="stmt"/>
        <line num="415" count="0" type="cond" truecount="0" falsecount="2"/>
        <line num="416" count="0" type="stmt"/>
        <line num="422" count="0" type="stmt"/>
        <line num="426" count="0" type="stmt"/>
        <line num="436" count="0" type="stmt"/>
        <line num="437" count="0" type="stmt"/>
        <line num="439" count="0" type="stmt"/>
        <line num="440" count="0" type="stmt"/>
        <line num="442" count="0" type="stmt"/>
        <line num="450" count="0" type="cond" truecount="0" falsecount="2"/>
        <line num="451" count="0" type="stmt"/>
        <line num="459" count="0" type="stmt"/>
        <line num="464" count="0" type="cond" truecount="0" falsecount="2"/>
        <line num="465" count="0" type="stmt"/>
        <line num="468" count="0" type="stmt"/>
        <line num="476" count="0" type="stmt"/>
        <line num="477" count="0" type="cond" truecount="0" falsecount="2"/>
        <line num="478" count="0" type="stmt"/>
        <line num="481" count="0" type="stmt"/>
        <line num="482" count="0" type="cond" truecount="0" falsecount="2"/>
        <line num="483" count="0" type="stmt"/>
        <line num="486" count="0" type="stmt"/>
        <line num="498" count="0" type="stmt"/>
        <line num="499" count="0" type="stmt"/>
        <line num="507" count="0" type="cond" truecount="0" falsecount="2"/>
        <line num="508" count="0" type="stmt"/>
        <line num="516" count="0" type="stmt"/>
        <line num="517" count="0" type="cond" truecount="0" falsecount="2"/>
        <line num="518" count="0" type="stmt"/>
        <line num="522" count="0" type="stmt"/>
        <line num="525" count="0" type="stmt"/>
        <line num="526" count="0" type="stmt"/>
        <line num="527" count="0" type="stmt"/>
        <line num="531" count="0" type="stmt"/>
        <line num="532" count="0" type="cond" truecount="0" falsecount="2"/>
        <line num="534" count="0" type="cond" truecount="0" falsecount="2"/>
        <line num="537" count="0" type="stmt"/>
        <line num="538" count="0" type="cond" truecount="0" falsecount="2"/>
        <line num="539" count="0" type="stmt"/>
        <line num="541" count="0" type="stmt"/>
        <line num="544" count="0" type="stmt"/>
        <line num="545" count="0" type="stmt"/>
        <line num="549" count="0" type="stmt"/>
        <line num="550" count="0" type="cond" truecount="0" falsecount="2"/>
        <line num="552" count="0" type="cond" truecount="0" falsecount="2"/>
        <line num="553" count="0" type="stmt"/>
        <line num="554" count="0" type="stmt"/>
      </file>
    </package>
  </project>
</coverage>
