{"/Users/m2pro/dev/projects/rtb-gis-schools-monitoring-system/server/src/modules/analytics/analytics.service.ts": {"path":"/Users/m2pro/dev/projects/rtb-gis-schools-monitoring-system/server/src/modules/analytics/analytics.service.ts","statementMap":{"0":{"start":{"line":1,"column":0},"end":{"line":1,"column":71}},"1":{"start":{"line":2,"column":0},"end":{"line":2,"column":48}},"2":{"start":{"line":3,"column":0},"end":{"line":3,"column":51}},"3":{"start":{"line":4,"column":0},"end":{"line":4,"column":37}},"4":{"start":{"line":5,"column":0},"end":{"line":5,"column":null}},"5":{"start":{"line":9,"column":0},"end":{"line":9,"column":59}},"6":{"start":{"line":10,"column":0},"end":{"line":10,"column":null}},"7":{"start":{"line":14,"column":0},"end":{"line":14,"column":79}},"8":{"start":{"line":15,"column":0},"end":{"line":15,"column":null}},"9":{"start":{"line":19,"column":0},"end":{"line":19,"column":78}},"10":{"start":{"line":20,"column":0},"end":{"line":20,"column":84}},"11":{"start":{"line":23,"column":29},"end":{"line":516,"column":null}},"12":{"start":{"line":24,"column":28},"end":{"line":24,"column":61}},"13":{"start":{"line":28,"column":21},"end":{"line":28,"column":43}},"14":{"start":{"line":30,"column":21},"end":{"line":30,"column":39}},"15":{"start":{"line":32,"column":21},"end":{"line":32,"column":41}},"16":{"start":{"line":34,"column":21},"end":{"line":34,"column":43}},"17":{"start":{"line":36,"column":21},"end":{"line":36,"column":39}},"18":{"start":{"line":38,"column":21},"end":{"line":38,"column":44}},"19":{"start":{"line":43,"column":6},"end":{"line":61,"column":8}},"20":{"start":{"line":63,"column":26},"end":{"line":77,"column":19}},"21":{"start":{"line":79,"column":4},"end":{"line":91,"column":6}},"22":{"start":{"line":82,"column":21},"end":{"line":85,"column":10}},"23":{"start":{"line":95,"column":15},"end":{"line":98,"column":41}},"24":{"start":{"line":100,"column":4},"end":{"line":101,"column":79}},"25":{"start":{"line":101,"column":6},"end":{"line":101,"column":79}},"26":{"start":{"line":102,"column":4},"end":{"line":103,"column":80}},"27":{"start":{"line":103,"column":6},"end":{"line":103,"column":80}},"28":{"start":{"line":105,"column":4},"end":{"line":105,"column":24}},"29":{"start":{"line":109,"column":20},"end":{"line":111,"column":6}},"30":{"start":{"line":113,"column":20},"end":{"line":113,"column":21}},"31":{"start":{"line":114,"column":4},"end":{"line":117,"column":5}},"32":{"start":{"line":115,"column":6},"end":{"line":115,"column":46}},"33":{"start":{"line":116,"column":6},"end":{"line":116,"column":18}},"34":{"start":{"line":118,"column":4},"end":{"line":118,"column":25}},"35":{"start":{"line":124,"column":19},"end":{"line":127,"column":6}},"36":{"start":{"line":128,"column":4},"end":{"line":130,"column":5}},"37":{"start":{"line":129,"column":6},"end":{"line":129,"column":76}},"38":{"start":{"line":131,"column":4},"end":{"line":131,"column":45}},"39":{"start":{"line":136,"column":4},"end":{"line":144,"column":5}},"40":{"start":{"line":137,"column":6},"end":{"line":137,"column":56}},"41":{"start":{"line":138,"column":6},"end":{"line":138,"column":102}},"42":{"start":{"line":140,"column":22},"end":{"line":140,"column":70}},"43":{"start":{"line":141,"column":6},"end":{"line":143,"column":8}},"44":{"start":{"line":148,"column":19},"end":{"line":151,"column":6}},"45":{"start":{"line":153,"column":4},"end":{"line":155,"column":5}},"46":{"start":{"line":154,"column":6},"end":{"line":154,"column":76}},"47":{"start":{"line":157,"column":23},"end":{"line":157,"column":62}},"48":{"start":{"line":159,"column":6},"end":{"line":159,"column":59}},"49":{"start":{"line":161,"column":24},"end":{"line":161,"column":48}},"50":{"start":{"line":162,"column":22},"end":{"line":162,"column":44}},"51":{"start":{"line":163,"column":22},"end":{"line":163,"column":62}},"52":{"start":{"line":165,"column":38},"end":{"line":167,"column":null}},"53":{"start":{"line":166,"column":18},"end":{"line":166,"column":66}},"54":{"start":{"line":169,"column":38},"end":{"line":171,"column":null}},"55":{"start":{"line":170,"column":18},"end":{"line":170,"column":61}},"56":{"start":{"line":174,"column":6},"end":{"line":176,"column":55}},"57":{"start":{"line":177,"column":26},"end":{"line":177,"column":51}},"58":{"start":{"line":179,"column":25},"end":{"line":179,"column":69}},"59":{"start":{"line":180,"column":27},"end":{"line":180,"column":73}},"60":{"start":{"line":181,"column":26},"end":{"line":181,"column":55}},"61":{"start":{"line":183,"column":6},"end":{"line":188,"column":58}},"62":{"start":{"line":190,"column":6},"end":{"line":190,"column":78}},"63":{"start":{"line":192,"column":30},"end":{"line":192,"column":66}},"64":{"start":{"line":192,"column":54},"end":{"line":192,"column":65}},"65":{"start":{"line":193,"column":17},"end":{"line":194,"column":null}},"66":{"start":{"line":194,"column":13},"end":{"line":194,"column":58}},"67":{"start":{"line":197,"column":6},"end":{"line":199,"column":14}},"68":{"start":{"line":198,"column":43},"end":{"line":198,"column":48}},"69":{"start":{"line":201,"column":6},"end":{"line":201,"column":67}},"70":{"start":{"line":203,"column":21},"end":{"line":203,"column":68}},"71":{"start":{"line":204,"column":25},"end":{"line":206,"column":null}},"72":{"start":{"line":209,"column":16},"end":{"line":209,"column":38}},"73":{"start":{"line":210,"column":4},"end":{"line":210,"column":29}},"74":{"start":{"line":211,"column":4},"end":{"line":211,"column":33}},"75":{"start":{"line":212,"column":4},"end":{"line":212,"column":33}},"76":{"start":{"line":213,"column":4},"end":{"line":213,"column":48}},"77":{"start":{"line":215,"column":4},"end":{"line":215,"column":38}},"78":{"start":{"line":216,"column":4},"end":{"line":216,"column":38}},"79":{"start":{"line":217,"column":4},"end":{"line":217,"column":38}},"80":{"start":{"line":218,"column":4},"end":{"line":218,"column":32}},"81":{"start":{"line":219,"column":4},"end":{"line":219,"column":44}},"82":{"start":{"line":221,"column":4},"end":{"line":221,"column":41}},"83":{"start":{"line":222,"column":4},"end":{"line":222,"column":40}},"84":{"start":{"line":223,"column":4},"end":{"line":223,"column":42}},"85":{"start":{"line":225,"column":4},"end":{"line":225,"column":49}},"86":{"start":{"line":226,"column":4},"end":{"line":229,"column":15}},"87":{"start":{"line":230,"column":4},"end":{"line":233,"column":15}},"88":{"start":{"line":234,"column":4},"end":{"line":234,"column":67}},"89":{"start":{"line":236,"column":4},"end":{"line":236,"column":67}},"90":{"start":{"line":237,"column":4},"end":{"line":237,"column":81}},"91":{"start":{"line":238,"column":4},"end":{"line":238,"column":36}},"92":{"start":{"line":239,"column":4},"end":{"line":239,"column":79}},"93":{"start":{"line":240,"column":4},"end":{"line":242,"column":6}},"94":{"start":{"line":243,"column":4},"end":{"line":243,"column":58}},"95":{"start":{"line":244,"column":4},"end":{"line":244,"column":36}},"96":{"start":{"line":246,"column":4},"end":{"line":246,"column":49}},"97":{"start":{"line":247,"column":4},"end":{"line":247,"column":57}},"98":{"start":{"line":248,"column":4},"end":{"line":248,"column":59}},"99":{"start":{"line":249,"column":4},"end":{"line":249,"column":73}},"100":{"start":{"line":250,"column":4},"end":{"line":253,"column":15}},"101":{"start":{"line":255,"column":23},"end":{"line":259,"column":6}},"102":{"start":{"line":260,"column":44},"end":{"line":281,"column":6}},"103":{"start":{"line":263,"column":15},"end":{"line":263,"column":58}},"104":{"start":{"line":265,"column":40},"end":{"line":265,"column":73}},"105":{"start":{"line":267,"column":41},"end":{"line":267,"column":73}},"106":{"start":{"line":269,"column":39},"end":{"line":269,"column":71}},"107":{"start":{"line":271,"column":23},"end":{"line":271,"column":66}},"108":{"start":{"line":273,"column":21},"end":{"line":280,"column":10}},"109":{"start":{"line":282,"column":4},"end":{"line":282,"column":38}},"110":{"start":{"line":284,"column":4},"end":{"line":284,"column":15}},"111":{"start":{"line":288,"column":22},"end":{"line":288,"column":44}},"112":{"start":{"line":289,"column":23},"end":{"line":289,"column":49}},"113":{"start":{"line":292,"column":26},"end":{"line":293,"column":null}},"114":{"start":{"line":297,"column":23},"end":{"line":297,"column":67}},"115":{"start":{"line":300,"column":21},"end":{"line":304,"column":null}},"116":{"start":{"line":308,"column":24},"end":{"line":310,"column":null}},"117":{"start":{"line":313,"column":22},"end":{"line":313,"column":62}},"118":{"start":{"line":314,"column":33},"end":{"line":316,"column":null}},"119":{"start":{"line":315,"column":18},"end":{"line":315,"column":66}},"120":{"start":{"line":319,"column":6},"end":{"line":321,"column":55}},"121":{"start":{"line":324,"column":21},"end":{"line":324,"column":77}},"122":{"start":{"line":326,"column":25},"end":{"line":327,"column":null}},"123":{"start":{"line":330,"column":26},"end":{"line":330,"column":65}},"124":{"start":{"line":331,"column":28},"end":{"line":337,"column":null}},"125":{"start":{"line":341,"column":21},"end":{"line":343,"column":6}},"126":{"start":{"line":345,"column":23},"end":{"line":364,"column":10}},"127":{"start":{"line":366,"column":18},"end":{"line":366,"column":66}},"128":{"start":{"line":369,"column":4},"end":{"line":372,"column":7}},"129":{"start":{"line":373,"column":4},"end":{"line":373,"column":17}},"130":{"start":{"line":377,"column":4},"end":{"line":377,"column":56}},"131":{"start":{"line":377,"column":46},"end":{"line":377,"column":56}},"132":{"start":{"line":379,"column":25},"end":{"line":384,"column":6}},"133":{"start":{"line":386,"column":6},"end":{"line":387,"column":22}},"134":{"start":{"line":386,"column":33},"end":{"line":386,"column":70}},"135":{"start":{"line":388,"column":4},"end":{"line":388,"column":27}},"136":{"start":{"line":395,"column":24},"end":{"line":395,"column":48}},"137":{"start":{"line":396,"column":25},"end":{"line":398,"column":52}},"138":{"start":{"line":397,"column":21},"end":{"line":397,"column":32}},"139":{"start":{"line":398,"column":18},"end":{"line":398,"column":51}},"140":{"start":{"line":401,"column":4},"end":{"line":408,"column":5}},"141":{"start":{"line":402,"column":6},"end":{"line":403,"column":78}},"142":{"start":{"line":403,"column":42},"end":{"line":403,"column":51}},"143":{"start":{"line":404,"column":11},"end":{"line":408,"column":5}},"144":{"start":{"line":405,"column":6},"end":{"line":405,"column":45}},"145":{"start":{"line":407,"column":6},"end":{"line":407,"column":16}},"146":{"start":{"line":411,"column":4},"end":{"line":411,"column":32}},"147":{"start":{"line":411,"column":22},"end":{"line":411,"column":32}},"148":{"start":{"line":412,"column":4},"end":{"line":412,"column":32}},"149":{"start":{"line":412,"column":22},"end":{"line":412,"column":32}},"150":{"start":{"line":413,"column":4},"end":{"line":413,"column":32}},"151":{"start":{"line":413,"column":22},"end":{"line":413,"column":32}},"152":{"start":{"line":414,"column":4},"end":{"line":414,"column":14}},"153":{"start":{"line":421,"column":4},"end":{"line":421,"column":31}},"154":{"start":{"line":421,"column":21},"end":{"line":421,"column":31}},"155":{"start":{"line":422,"column":21},"end":{"line":422,"column":43}},"156":{"start":{"line":423,"column":19},"end":{"line":423,"column":77}},"157":{"start":{"line":424,"column":18},"end":{"line":424,"column":35}},"158":{"start":{"line":426,"column":4},"end":{"line":426,"column":30}},"159":{"start":{"line":426,"column":20},"end":{"line":426,"column":30}},"160":{"start":{"line":427,"column":4},"end":{"line":427,"column":30}},"161":{"start":{"line":427,"column":20},"end":{"line":427,"column":30}},"162":{"start":{"line":428,"column":4},"end":{"line":428,"column":30}},"163":{"start":{"line":428,"column":20},"end":{"line":428,"column":30}},"164":{"start":{"line":429,"column":4},"end":{"line":429,"column":30}},"165":{"start":{"line":429,"column":20},"end":{"line":429,"column":30}},"166":{"start":{"line":430,"column":4},"end":{"line":430,"column":15}},"167":{"start":{"line":435,"column":4},"end":{"line":435,"column":50}},"168":{"start":{"line":435,"column":20},"end":{"line":435,"column":50}},"169":{"start":{"line":436,"column":4},"end":{"line":436,"column":46}},"170":{"start":{"line":436,"column":20},"end":{"line":436,"column":46}},"171":{"start":{"line":437,"column":4},"end":{"line":437,"column":48}},"172":{"start":{"line":437,"column":20},"end":{"line":437,"column":48}},"173":{"start":{"line":438,"column":4},"end":{"line":438,"column":29}},"174":{"start":{"line":449,"column":27},"end":{"line":449,"column":29}},"175":{"start":{"line":450,"column":22},"end":{"line":450,"column":44}},"176":{"start":{"line":451,"column":21},"end":{"line":451,"column":51}},"177":{"start":{"line":453,"column":6},"end":{"line":456,"column":12}},"178":{"start":{"line":454,"column":20},"end":{"line":454,"column":63}},"179":{"start":{"line":457,"column":38},"end":{"line":459,"column":null}},"180":{"start":{"line":458,"column":18},"end":{"line":458,"column":66}},"181":{"start":{"line":462,"column":6},"end":{"line":464,"column":55}},"182":{"start":{"line":467,"column":30},"end":{"line":470,"column":null}},"183":{"start":{"line":469,"column":8},"end":{"line":470,"column":46}},"184":{"start":{"line":472,"column":4},"end":{"line":476,"column":5}},"185":{"start":{"line":473,"column":6},"end":{"line":475,"column":8}},"186":{"start":{"line":479,"column":4},"end":{"line":485,"column":5}},"187":{"start":{"line":480,"column":21},"end":{"line":480,"column":50}},"188":{"start":{"line":481,"column":31},"end":{"line":481,"column":53}},"189":{"start":{"line":482,"column":6},"end":{"line":484,"column":8}},"190":{"start":{"line":487,"column":4},"end":{"line":489,"column":5}},"191":{"start":{"line":488,"column":6},"end":{"line":488,"column":64}},"192":{"start":{"line":491,"column":4},"end":{"line":491,"column":16}},"193":{"start":{"line":497,"column":20},"end":{"line":499,"column":6}},"194":{"start":{"line":501,"column":4},"end":{"line":501,"column":40}},"195":{"start":{"line":501,"column":30},"end":{"line":501,"column":40}},"196":{"start":{"line":503,"column":26},"end":{"line":507,"column":6}},"197":{"start":{"line":509,"column":23},"end":{"line":511,"column":null}},"198":{"start":{"line":510,"column":23},"end":{"line":510,"column":69}},"199":{"start":{"line":514,"column":4},"end":{"line":514,"column":51}},"200":{"start":{"line":23,"column":13},"end":{"line":23,"column":29}},"201":{"start":{"line":135,"column":8},"end":{"line":145,"column":null}},"202":{"start":{"line":23,"column":13},"end":{"line":516,"column":null}}},"fnMap":{"0":{"name":"(anonymous_4)","decl":{"start":{"line":26,"column":2},"end":{"line":26,"column":null}},"loc":{"start":{"line":38,"column":67},"end":{"line":39,"column":6}}},"1":{"name":"(anonymous_5)","decl":{"start":{"line":41,"column":2},"end":{"line":41,"column":7}},"loc":{"start":{"line":41,"column":19},"end":{"line":92,"column":3}}},"2":{"name":"(anonymous_6)","decl":{"start":{"line":82,"column":8},"end":{"line":82,"column":9}},"loc":{"start":{"line":82,"column":21},"end":{"line":85,"column":10}}},"3":{"name":"(anonymous_7)","decl":{"start":{"line":94,"column":2},"end":{"line":94,"column":7}},"loc":{"start":{"line":94,"column":69},"end":{"line":106,"column":3}}},"4":{"name":"(anonymous_8)","decl":{"start":{"line":108,"column":2},"end":{"line":108,"column":7}},"loc":{"start":{"line":108,"column":28},"end":{"line":119,"column":3}}},"5":{"name":"(anonymous_9)","decl":{"start":{"line":121,"column":2},"end":{"line":121,"column":7}},"loc":{"start":{"line":122,"column":20},"end":{"line":132,"column":3}}},"6":{"name":"(anonymous_10)","decl":{"start":{"line":135,"column":8},"end":{"line":135,"column":27}},"loc":{"start":{"line":135,"column":55},"end":{"line":145,"column":3}}},"7":{"name":"(anonymous_11)","decl":{"start":{"line":147,"column":2},"end":{"line":147,"column":7}},"loc":{"start":{"line":147,"column":41},"end":{"line":285,"column":3}}},"8":{"name":"(anonymous_12)","decl":{"start":{"line":166,"column":6},"end":{"line":166,"column":7}},"loc":{"start":{"line":166,"column":18},"end":{"line":166,"column":66}}},"9":{"name":"(anonymous_13)","decl":{"start":{"line":170,"column":6},"end":{"line":170,"column":7}},"loc":{"start":{"line":170,"column":18},"end":{"line":170,"column":61}}},"10":{"name":"(anonymous_14)","decl":{"start":{"line":192,"column":47},"end":{"line":192,"column":48}},"loc":{"start":{"line":192,"column":54},"end":{"line":192,"column":65}}},"11":{"name":"(anonymous_15)","decl":{"start":{"line":194,"column":6},"end":{"line":194,"column":7}},"loc":{"start":{"line":194,"column":13},"end":{"line":194,"column":58}}},"12":{"name":"(anonymous_16)","decl":{"start":{"line":198,"column":33},"end":{"line":198,"column":34}},"loc":{"start":{"line":198,"column":43},"end":{"line":198,"column":48}}},"13":{"name":"(anonymous_17)","decl":{"start":{"line":263,"column":8},"end":{"line":263,"column":9}},"loc":{"start":{"line":263,"column":15},"end":{"line":263,"column":58}}},"14":{"name":"(anonymous_18)","decl":{"start":{"line":265,"column":33},"end":{"line":265,"column":34}},"loc":{"start":{"line":265,"column":40},"end":{"line":265,"column":73}}},"15":{"name":"(anonymous_19)","decl":{"start":{"line":267,"column":34},"end":{"line":267,"column":35}},"loc":{"start":{"line":267,"column":41},"end":{"line":267,"column":73}}},"16":{"name":"(anonymous_20)","decl":{"start":{"line":269,"column":32},"end":{"line":269,"column":33}},"loc":{"start":{"line":269,"column":39},"end":{"line":269,"column":71}}},"17":{"name":"(anonymous_21)","decl":{"start":{"line":271,"column":16},"end":{"line":271,"column":17}},"loc":{"start":{"line":271,"column":23},"end":{"line":271,"column":66}}},"18":{"name":"(anonymous_22)","decl":{"start":{"line":273,"column":13},"end":{"line":273,"column":14}},"loc":{"start":{"line":273,"column":21},"end":{"line":280,"column":10}}},"19":{"name":"(anonymous_23)","decl":{"start":{"line":287,"column":2},"end":{"line":287,"column":7}},"loc":{"start":{"line":287,"column":43},"end":{"line":374,"column":3}}},"20":{"name":"(anonymous_24)","decl":{"start":{"line":315,"column":6},"end":{"line":315,"column":7}},"loc":{"start":{"line":315,"column":18},"end":{"line":315,"column":66}}},"21":{"name":"(anonymous_25)","decl":{"start":{"line":376,"column":10},"end":{"line":376,"column":38}},"loc":{"start":{"line":376,"column":66},"end":{"line":389,"column":3}}},"22":{"name":"(anonymous_26)","decl":{"start":{"line":386,"column":23},"end":{"line":386,"column":24}},"loc":{"start":{"line":386,"column":33},"end":{"line":386,"column":70}}},"23":{"name":"(anonymous_27)","decl":{"start":{"line":391,"column":10},"end":{"line":391,"column":27}},"loc":{"start":{"line":393,"column":28},"end":{"line":415,"column":3}}},"24":{"name":"(anonymous_28)","decl":{"start":{"line":397,"column":14},"end":{"line":397,"column":15}},"loc":{"start":{"line":397,"column":21},"end":{"line":397,"column":32}}},"25":{"name":"(anonymous_29)","decl":{"start":{"line":398,"column":11},"end":{"line":398,"column":12}},"loc":{"start":{"line":398,"column":18},"end":{"line":398,"column":51}}},"26":{"name":"(anonymous_30)","decl":{"start":{"line":403,"column":28},"end":{"line":403,"column":29}},"loc":{"start":{"line":403,"column":42},"end":{"line":403,"column":51}}},"27":{"name":"(anonymous_31)","decl":{"start":{"line":417,"column":10},"end":{"line":417,"column":34}},"loc":{"start":{"line":419,"column":28},"end":{"line":431,"column":3}}},"28":{"name":"(anonymous_32)","decl":{"start":{"line":433,"column":10},"end":{"line":433,"column":30}},"loc":{"start":{"line":433,"column":44},"end":{"line":439,"column":3}}},"29":{"name":"(anonymous_33)","decl":{"start":{"line":441,"column":10},"end":{"line":441,"column":33}},"loc":{"start":{"line":447,"column":20},"end":{"line":492,"column":3}}},"30":{"name":"(anonymous_34)","decl":{"start":{"line":454,"column":8},"end":{"line":454,"column":9}},"loc":{"start":{"line":454,"column":20},"end":{"line":454,"column":63}}},"31":{"name":"(anonymous_35)","decl":{"start":{"line":458,"column":6},"end":{"line":458,"column":7}},"loc":{"start":{"line":458,"column":18},"end":{"line":458,"column":66}}},"32":{"name":"(anonymous_36)","decl":{"start":{"line":468,"column":6},"end":{"line":468,"column":7}},"loc":{"start":{"line":469,"column":8},"end":{"line":470,"column":46}}},"33":{"name":"(anonymous_37)","decl":{"start":{"line":494,"column":10},"end":{"line":494,"column":15}},"loc":{"start":{"line":495,"column":20},"end":{"line":515,"column":3}}},"34":{"name":"(anonymous_38)","decl":{"start":{"line":510,"column":6},"end":{"line":510,"column":7}},"loc":{"start":{"line":510,"column":23},"end":{"line":510,"column":69}}}},"branchMap":{"0":{"loc":{"start":{"line":84,"column":11},"end":{"line":84,"column":37}},"type":"binary-expr","locations":[{"start":{"line":84,"column":11},"end":{"line":84,"column":21}},{"start":{"line":84,"column":25},"end":{"line":84,"column":37}}]},"1":{"loc":{"start":{"line":100,"column":4},"end":{"line":101,"column":79}},"type":"if","locations":[{"start":{"line":100,"column":4},"end":{"line":101,"column":79}},{"start":{},"end":{}}]},"2":{"loc":{"start":{"line":102,"column":4},"end":{"line":103,"column":80}},"type":"if","locations":[{"start":{"line":102,"column":4},"end":{"line":103,"column":80}},{"start":{},"end":{}}]},"3":{"loc":{"start":{"line":128,"column":4},"end":{"line":130,"column":5}},"type":"if","locations":[{"start":{"line":128,"column":4},"end":{"line":130,"column":5}},{"start":{},"end":{}}]},"4":{"loc":{"start":{"line":140,"column":22},"end":{"line":140,"column":70}},"type":"cond-expr","locations":[{"start":{"line":140,"column":45},"end":{"line":140,"column":56}},{"start":{"line":140,"column":59},"end":{"line":140,"column":70}}]},"5":{"loc":{"start":{"line":153,"column":4},"end":{"line":155,"column":5}},"type":"if","locations":[{"start":{"line":153,"column":4},"end":{"line":155,"column":5}},{"start":{},"end":{}}]},"6":{"loc":{"start":{"line":162,"column":22},"end":{"line":162,"column":44}},"type":"binary-expr","locations":[{"start":{"line":162,"column":22},"end":{"line":162,"column":38}},{"start":{"line":162,"column":42},"end":{"line":162,"column":44}}]},"7":{"loc":{"start":{"line":163,"column":22},"end":{"line":163,"column":62}},"type":"binary-expr","locations":[{"start":{"line":163,"column":22},"end":{"line":163,"column":56}},{"start":{"line":163,"column":60},"end":{"line":163,"column":62}}]},"8":{"loc":{"start":{"line":166,"column":25},"end":{"line":166,"column":65}},"type":"binary-expr","locations":[{"start":{"line":166,"column":25},"end":{"line":166,"column":60}},{"start":{"line":166,"column":64},"end":{"line":166,"column":65}}]},"9":{"loc":{"start":{"line":170,"column":25},"end":{"line":170,"column":60}},"type":"binary-expr","locations":[{"start":{"line":170,"column":25},"end":{"line":170,"column":55}},{"start":{"line":170,"column":59},"end":{"line":170,"column":60}}]},"10":{"loc":{"start":{"line":174,"column":6},"end":{"line":176,"column":55}},"type":"cond-expr","locations":[{"start":{"line":175,"column":10},"end":{"line":175,"column":35}},{"start":{"line":176,"column":10},"end":{"line":176,"column":55}}]},"11":{"loc":{"start":{"line":176,"column":10},"end":{"line":176,"column":55}},"type":"binary-expr","locations":[{"start":{"line":176,"column":10},"end":{"line":176,"column":50}},{"start":{"line":176,"column":54},"end":{"line":176,"column":55}}]},"12":{"loc":{"start":{"line":179,"column":25},"end":{"line":179,"column":69}},"type":"binary-expr","locations":[{"start":{"line":179,"column":25},"end":{"line":179,"column":64}},{"start":{"line":179,"column":68},"end":{"line":179,"column":69}}]},"13":{"loc":{"start":{"line":180,"column":27},"end":{"line":180,"column":73}},"type":"binary-expr","locations":[{"start":{"line":180,"column":27},"end":{"line":180,"column":68}},{"start":{"line":180,"column":72},"end":{"line":180,"column":73}}]},"14":{"loc":{"start":{"line":185,"column":7},"end":{"line":185,"column":53}},"type":"binary-expr","locations":[{"start":{"line":185,"column":7},"end":{"line":185,"column":48}},{"start":{"line":185,"column":52},"end":{"line":185,"column":53}}]},"15":{"loc":{"start":{"line":186,"column":7},"end":{"line":186,"column":55}},"type":"binary-expr","locations":[{"start":{"line":186,"column":7},"end":{"line":186,"column":50}},{"start":{"line":186,"column":54},"end":{"line":186,"column":55}}]},"16":{"loc":{"start":{"line":187,"column":7},"end":{"line":187,"column":55}},"type":"binary-expr","locations":[{"start":{"line":187,"column":7},"end":{"line":187,"column":50}},{"start":{"line":187,"column":54},"end":{"line":187,"column":55}}]},"17":{"loc":{"start":{"line":188,"column":7},"end":{"line":188,"column":57}},"type":"binary-expr","locations":[{"start":{"line":188,"column":7},"end":{"line":188,"column":52}},{"start":{"line":188,"column":56},"end":{"line":188,"column":57}}]},"18":{"loc":{"start":{"line":190,"column":6},"end":{"line":190,"column":78}},"type":"cond-expr","locations":[{"start":{"line":190,"column":26},"end":{"line":190,"column":74}},{"start":{"line":190,"column":77},"end":{"line":190,"column":78}}]},"19":{"loc":{"start":{"line":197,"column":6},"end":{"line":199,"column":14}},"type":"cond-expr","locations":[{"start":{"line":198,"column":10},"end":{"line":198,"column":67}},{"start":{"line":199,"column":10},"end":{"line":199,"column":14}}]},"20":{"loc":{"start":{"line":201,"column":6},"end":{"line":201,"column":67}},"type":"cond-expr","locations":[{"start":{"line":201,"column":32},"end":{"line":201,"column":60}},{"start":{"line":201,"column":63},"end":{"line":201,"column":67}}]},"21":{"loc":{"start":{"line":227,"column":6},"end":{"line":229,"column":14}},"type":"cond-expr","locations":[{"start":{"line":228,"column":10},"end":{"line":228,"column":49}},{"start":{"line":229,"column":10},"end":{"line":229,"column":14}}]},"22":{"loc":{"start":{"line":231,"column":6},"end":{"line":233,"column":14}},"type":"cond-expr","locations":[{"start":{"line":232,"column":10},"end":{"line":232,"column":51}},{"start":{"line":233,"column":10},"end":{"line":233,"column":14}}]},"23":{"loc":{"start":{"line":234,"column":31},"end":{"line":234,"column":66}},"type":"binary-expr","locations":[{"start":{"line":234,"column":31},"end":{"line":234,"column":58}},{"start":{"line":234,"column":62},"end":{"line":234,"column":66}}]},"24":{"loc":{"start":{"line":247,"column":24},"end":{"line":247,"column":56}},"type":"binary-expr","locations":[{"start":{"line":247,"column":24},"end":{"line":247,"column":48}},{"start":{"line":247,"column":52},"end":{"line":247,"column":56}}]},"25":{"loc":{"start":{"line":248,"column":26},"end":{"line":248,"column":58}},"type":"binary-expr","locations":[{"start":{"line":248,"column":26},"end":{"line":248,"column":52}},{"start":{"line":248,"column":56},"end":{"line":248,"column":58}}]},"26":{"loc":{"start":{"line":249,"column":32},"end":{"line":249,"column":72}},"type":"binary-expr","locations":[{"start":{"line":249,"column":32},"end":{"line":249,"column":64}},{"start":{"line":249,"column":68},"end":{"line":249,"column":72}}]},"27":{"loc":{"start":{"line":251,"column":6},"end":{"line":253,"column":14}},"type":"cond-expr","locations":[{"start":{"line":252,"column":10},"end":{"line":252,"column":59}},{"start":{"line":253,"column":10},"end":{"line":253,"column":14}}]},"28":{"loc":{"start":{"line":288,"column":22},"end":{"line":288,"column":44}},"type":"binary-expr","locations":[{"start":{"line":288,"column":22},"end":{"line":288,"column":38}},{"start":{"line":288,"column":42},"end":{"line":288,"column":44}}]},"29":{"loc":{"start":{"line":302,"column":6},"end":{"line":304,"column":19}},"type":"cond-expr","locations":[{"start":{"line":303,"column":10},"end":{"line":303,"column":40}},{"start":{"line":304,"column":10},"end":{"line":304,"column":19}}]},"30":{"loc":{"start":{"line":310,"column":18},"end":{"line":310,"column":71}},"type":"binary-expr","locations":[{"start":{"line":310,"column":18},"end":{"line":310,"column":65}},{"start":{"line":310,"column":69},"end":{"line":310,"column":71}}]},"31":{"loc":{"start":{"line":313,"column":22},"end":{"line":313,"column":62}},"type":"binary-expr","locations":[{"start":{"line":313,"column":22},"end":{"line":313,"column":56}},{"start":{"line":313,"column":60},"end":{"line":313,"column":62}}]},"32":{"loc":{"start":{"line":315,"column":25},"end":{"line":315,"column":65}},"type":"binary-expr","locations":[{"start":{"line":315,"column":25},"end":{"line":315,"column":60}},{"start":{"line":315,"column":64},"end":{"line":315,"column":65}}]},"33":{"loc":{"start":{"line":319,"column":6},"end":{"line":321,"column":55}},"type":"cond-expr","locations":[{"start":{"line":320,"column":10},"end":{"line":320,"column":30}},{"start":{"line":321,"column":10},"end":{"line":321,"column":55}}]},"34":{"loc":{"start":{"line":321,"column":10},"end":{"line":321,"column":55}},"type":"binary-expr","locations":[{"start":{"line":321,"column":10},"end":{"line":321,"column":50}},{"start":{"line":321,"column":54},"end":{"line":321,"column":55}}]},"35":{"loc":{"start":{"line":345,"column":23},"end":{"line":364,"column":10}},"type":"cond-expr","locations":[{"start":{"line":346,"column":8},"end":{"line":354,"column":10}},{"start":{"line":355,"column":8},"end":{"line":364,"column":10}}]},"36":{"loc":{"start":{"line":377,"column":4},"end":{"line":377,"column":56}},"type":"if","locations":[{"start":{"line":377,"column":4},"end":{"line":377,"column":56}},{"start":{},"end":{}}]},"37":{"loc":{"start":{"line":377,"column":8},"end":{"line":377,"column":44}},"type":"binary-expr","locations":[{"start":{"line":377,"column":8},"end":{"line":377,"column":18}},{"start":{"line":377,"column":22},"end":{"line":377,"column":44}}]},"38":{"loc":{"start":{"line":386,"column":38},"end":{"line":386,"column":69}},"type":"binary-expr","locations":[{"start":{"line":386,"column":38},"end":{"line":386,"column":63}},{"start":{"line":386,"column":67},"end":{"line":386,"column":69}}]},"39":{"loc":{"start":{"line":401,"column":4},"end":{"line":408,"column":5}},"type":"if","locations":[{"start":{"line":401,"column":4},"end":{"line":408,"column":5}},{"start":{"line":404,"column":11},"end":{"line":408,"column":5}}]},"40":{"loc":{"start":{"line":404,"column":11},"end":{"line":408,"column":5}},"type":"if","locations":[{"start":{"line":404,"column":11},"end":{"line":408,"column":5}},{"start":{"line":406,"column":11},"end":{"line":408,"column":5}}]},"41":{"loc":{"start":{"line":411,"column":4},"end":{"line":411,"column":32}},"type":"if","locations":[{"start":{"line":411,"column":4},"end":{"line":411,"column":32}},{"start":{},"end":{}}]},"42":{"loc":{"start":{"line":412,"column":4},"end":{"line":412,"column":32}},"type":"if","locations":[{"start":{"line":412,"column":4},"end":{"line":412,"column":32}},{"start":{},"end":{}}]},"43":{"loc":{"start":{"line":413,"column":4},"end":{"line":413,"column":32}},"type":"if","locations":[{"start":{"line":413,"column":4},"end":{"line":413,"column":32}},{"start":{},"end":{}}]},"44":{"loc":{"start":{"line":421,"column":4},"end":{"line":421,"column":31}},"type":"if","locations":[{"start":{"line":421,"column":4},"end":{"line":421,"column":31}},{"start":{},"end":{}}]},"45":{"loc":{"start":{"line":422,"column":21},"end":{"line":422,"column":43}},"type":"binary-expr","locations":[{"start":{"line":422,"column":21},"end":{"line":422,"column":36}},{"start":{"line":422,"column":40},"end":{"line":422,"column":43}}]},"46":{"loc":{"start":{"line":423,"column":37},"end":{"line":423,"column":75}},"type":"binary-expr","locations":[{"start":{"line":423,"column":37},"end":{"line":423,"column":70}},{"start":{"line":423,"column":74},"end":{"line":423,"column":75}}]},"47":{"loc":{"start":{"line":426,"column":4},"end":{"line":426,"column":30}},"type":"if","locations":[{"start":{"line":426,"column":4},"end":{"line":426,"column":30}},{"start":{},"end":{}}]},"48":{"loc":{"start":{"line":427,"column":4},"end":{"line":427,"column":30}},"type":"if","locations":[{"start":{"line":427,"column":4},"end":{"line":427,"column":30}},{"start":{},"end":{}}]},"49":{"loc":{"start":{"line":428,"column":4},"end":{"line":428,"column":30}},"type":"if","locations":[{"start":{"line":428,"column":4},"end":{"line":428,"column":30}},{"start":{},"end":{}}]},"50":{"loc":{"start":{"line":429,"column":4},"end":{"line":429,"column":30}},"type":"if","locations":[{"start":{"line":429,"column":4},"end":{"line":429,"column":30}},{"start":{},"end":{}}]},"51":{"loc":{"start":{"line":435,"column":4},"end":{"line":435,"column":50}},"type":"if","locations":[{"start":{"line":435,"column":4},"end":{"line":435,"column":50}},{"start":{},"end":{}}]},"52":{"loc":{"start":{"line":436,"column":4},"end":{"line":436,"column":46}},"type":"if","locations":[{"start":{"line":436,"column":4},"end":{"line":436,"column":46}},{"start":{},"end":{}}]},"53":{"loc":{"start":{"line":437,"column":4},"end":{"line":437,"column":48}},"type":"if","locations":[{"start":{"line":437,"column":4},"end":{"line":437,"column":48}},{"start":{},"end":{}}]},"54":{"loc":{"start":{"line":450,"column":22},"end":{"line":450,"column":44}},"type":"binary-expr","locations":[{"start":{"line":450,"column":22},"end":{"line":450,"column":38}},{"start":{"line":450,"column":42},"end":{"line":450,"column":44}}]},"55":{"loc":{"start":{"line":451,"column":21},"end":{"line":451,"column":51}},"type":"binary-expr","locations":[{"start":{"line":451,"column":21},"end":{"line":451,"column":45}},{"start":{"line":451,"column":49},"end":{"line":451,"column":51}}]},"56":{"loc":{"start":{"line":453,"column":6},"end":{"line":456,"column":12}},"type":"binary-expr","locations":[{"start":{"line":453,"column":6},"end":{"line":455,"column":null}},{"start":{"line":456,"column":11},"end":{"line":456,"column":12}}]},"57":{"loc":{"start":{"line":454,"column":27},"end":{"line":454,"column":62}},"type":"binary-expr","locations":[{"start":{"line":454,"column":27},"end":{"line":454,"column":57}},{"start":{"line":454,"column":61},"end":{"line":454,"column":62}}]},"58":{"loc":{"start":{"line":458,"column":25},"end":{"line":458,"column":65}},"type":"binary-expr","locations":[{"start":{"line":458,"column":25},"end":{"line":458,"column":60}},{"start":{"line":458,"column":64},"end":{"line":458,"column":65}}]},"59":{"loc":{"start":{"line":462,"column":6},"end":{"line":464,"column":55}},"type":"cond-expr","locations":[{"start":{"line":463,"column":10},"end":{"line":463,"column":35}},{"start":{"line":464,"column":10},"end":{"line":464,"column":55}}]},"60":{"loc":{"start":{"line":464,"column":10},"end":{"line":464,"column":55}},"type":"binary-expr","locations":[{"start":{"line":464,"column":10},"end":{"line":464,"column":50}},{"start":{"line":464,"column":54},"end":{"line":464,"column":55}}]},"61":{"loc":{"start":{"line":469,"column":8},"end":{"line":470,"column":46}},"type":"binary-expr","locations":[{"start":{"line":469,"column":8},"end":{"line":469,"column":50}},{"start":{"line":470,"column":8},"end":{"line":470,"column":46}}]},"62":{"loc":{"start":{"line":472,"column":4},"end":{"line":476,"column":5}},"type":"if","locations":[{"start":{"line":472,"column":4},"end":{"line":476,"column":5}},{"start":{},"end":{}}]},"63":{"loc":{"start":{"line":479,"column":4},"end":{"line":485,"column":5}},"type":"if","locations":[{"start":{"line":479,"column":4},"end":{"line":485,"column":5}},{"start":{},"end":{}}]},"64":{"loc":{"start":{"line":479,"column":8},"end":{"line":479,"column":64}},"type":"binary-expr","locations":[{"start":{"line":479,"column":8},"end":{"line":479,"column":25}},{"start":{"line":479,"column":29},"end":{"line":479,"column":64}}]},"65":{"loc":{"start":{"line":487,"column":4},"end":{"line":489,"column":5}},"type":"if","locations":[{"start":{"line":487,"column":4},"end":{"line":489,"column":5}},{"start":{},"end":{}}]},"66":{"loc":{"start":{"line":501,"column":4},"end":{"line":501,"column":40}},"type":"if","locations":[{"start":{"line":501,"column":4},"end":{"line":501,"column":40}},{"start":{},"end":{}}]},"67":{"loc":{"start":{"line":510,"column":30},"end":{"line":510,"column":68}},"type":"binary-expr","locations":[{"start":{"line":510,"column":30},"end":{"line":510,"column":62}},{"start":{"line":510,"column":66},"end":{"line":510,"column":68}}]},"68":{"loc":{"start":{"line":135,"column":58},"end":{"line":135,"column":null}},"type":"cond-expr","locations":[{"start":{"line":135,"column":65},"end":{"line":135,"column":null}},{"start":{"line":135,"column":65},"end":{"line":135,"column":null}}]},"69":{"loc":{"start":{"line":135,"column":58},"end":{"line":135,"column":65}},"type":"binary-expr","locations":[{"start":{"line":135,"column":58},"end":{"line":135,"column":null}},{"start":{"line":135,"column":58},"end":{"line":135,"column":65}}]},"70":{"loc":{"start":{"line":28,"column":43},"end":{"line":28,"column":73}},"type":"cond-expr","locations":[{"start":{"line":28,"column":53},"end":{"line":28,"column":73}},{"start":{"line":28,"column":53},"end":{"line":28,"column":73}}]},"71":{"loc":{"start":{"line":28,"column":43},"end":{"line":28,"column":53}},"type":"binary-expr","locations":[{"start":{"line":28,"column":43},"end":{"line":28,"column":73}},{"start":{"line":28,"column":43},"end":{"line":28,"column":53}}]},"72":{"loc":{"start":{"line":28,"column":53},"end":{"line":30,"column":57}},"type":"cond-expr","locations":[{"start":{"line":30,"column":49},"end":{"line":30,"column":57}},{"start":{"line":30,"column":49},"end":{"line":30,"column":57}}]},"73":{"loc":{"start":{"line":28,"column":53},"end":{"line":30,"column":49}},"type":"binary-expr","locations":[{"start":{"line":28,"column":53},"end":{"line":30,"column":57}},{"start":{"line":30,"column":39},"end":{"line":30,"column":49}}]},"74":{"loc":{"start":{"line":30,"column":49},"end":{"line":32,"column":67}},"type":"cond-expr","locations":[{"start":{"line":32,"column":51},"end":{"line":32,"column":67}},{"start":{"line":32,"column":51},"end":{"line":32,"column":67}}]},"75":{"loc":{"start":{"line":30,"column":49},"end":{"line":32,"column":51}},"type":"binary-expr","locations":[{"start":{"line":30,"column":49},"end":{"line":32,"column":67}},{"start":{"line":32,"column":41},"end":{"line":32,"column":51}}]},"76":{"loc":{"start":{"line":32,"column":51},"end":{"line":34,"column":69}},"type":"cond-expr","locations":[{"start":{"line":34,"column":53},"end":{"line":34,"column":69}},{"start":{"line":34,"column":53},"end":{"line":34,"column":69}}]},"77":{"loc":{"start":{"line":32,"column":51},"end":{"line":34,"column":53}},"type":"binary-expr","locations":[{"start":{"line":32,"column":51},"end":{"line":34,"column":69}},{"start":{"line":34,"column":43},"end":{"line":34,"column":53}}]},"78":{"loc":{"start":{"line":34,"column":53},"end":{"line":36,"column":71}},"type":"cond-expr","locations":[{"start":{"line":36,"column":49},"end":{"line":36,"column":71}},{"start":{"line":36,"column":49},"end":{"line":36,"column":71}}]},"79":{"loc":{"start":{"line":34,"column":53},"end":{"line":36,"column":49}},"type":"binary-expr","locations":[{"start":{"line":34,"column":53},"end":{"line":36,"column":71}},{"start":{"line":36,"column":39},"end":{"line":36,"column":49}}]},"80":{"loc":{"start":{"line":36,"column":49},"end":{"line":38,"column":67}},"type":"cond-expr","locations":[{"start":{"line":38,"column":54},"end":{"line":38,"column":67}},{"start":{"line":38,"column":54},"end":{"line":38,"column":67}}]},"81":{"loc":{"start":{"line":36,"column":49},"end":{"line":38,"column":54}},"type":"binary-expr","locations":[{"start":{"line":36,"column":49},"end":{"line":38,"column":67}},{"start":{"line":38,"column":44},"end":{"line":38,"column":54}}]}},"s":{"0":2,"1":2,"2":2,"3":2,"4":2,"5":2,"6":2,"7":2,"8":2,"9":2,"10":2,"11":2,"12":75,"13":75,"14":75,"15":75,"16":75,"17":75,"18":75,"19":2,"20":2,"21":2,"22":2,"23":4,"24":4,"25":2,"26":4,"27":2,"28":4,"29":2,"30":2,"31":2,"32":3,"33":3,"34":2,"35":4,"36":4,"37":2,"38":2,"39":2,"40":2,"41":1,"42":1,"43":1,"44":9,"45":9,"46":1,"47":8,"48":8,"49":8,"50":8,"51":8,"52":8,"53":2,"54":8,"55":2,"56":8,"57":8,"58":8,"59":8,"60":8,"61":8,"62":8,"63":8,"64":1,"65":8,"66":1,"67":8,"68":1,"69":8,"70":8,"71":8,"72":8,"73":8,"74":8,"75":8,"76":8,"77":8,"78":8,"79":8,"80":8,"81":8,"82":8,"83":8,"84":8,"85":8,"86":8,"87":8,"88":8,"89":8,"90":8,"91":8,"92":8,"93":8,"94":8,"95":8,"96":8,"97":8,"98":8,"99":8,"100":8,"101":8,"102":8,"103":5,"104":5,"105":5,"106":5,"107":5,"108":2,"109":8,"110":8,"111":33,"112":33,"113":33,"114":33,"115":33,"116":33,"117":33,"118":33,"119":9,"120":33,"121":33,"122":33,"123":33,"124":33,"125":33,"126":33,"127":33,"128":33,"129":33,"130":43,"131":19,"132":24,"133":24,"134":46,"135":24,"136":43,"137":43,"138":39,"139":34,"140":43,"141":19,"142":34,"143":24,"144":3,"145":21,"146":22,"147":9,"148":13,"149":2,"150":11,"151":6,"152":5,"153":42,"154":31,"155":11,"156":11,"157":11,"158":11,"159":5,"160":6,"161":1,"162":5,"163":1,"164":4,"165":3,"166":1,"167":41,"168":6,"169":35,"170":20,"171":15,"172":6,"173":9,"174":33,"175":33,"176":33,"177":33,"178":9,"179":33,"180":9,"181":33,"182":33,"183":31,"184":33,"185":8,"186":33,"187":3,"188":3,"189":3,"190":33,"191":24,"192":33,"193":41,"194":41,"195":31,"196":10,"197":10,"198":14,"199":10,"200":2,"201":2,"202":2},"f":{"0":75,"1":2,"2":2,"3":4,"4":2,"5":4,"6":2,"7":9,"8":2,"9":2,"10":1,"11":1,"12":1,"13":5,"14":5,"15":5,"16":5,"17":5,"18":2,"19":33,"20":9,"21":43,"22":46,"23":43,"24":39,"25":34,"26":34,"27":42,"28":41,"29":33,"30":9,"31":9,"32":31,"33":41,"34":14},"b":{"0":[2,1],"1":[2,2],"2":[2,2],"3":[2,2],"4":[1,0],"5":[1,8],"6":[8,0],"7":[8,0],"8":[2,0],"9":[2,0],"10":[1,7],"11":[7,7],"12":[8,7],"13":[8,7],"14":[8,7],"15":[8,7],"16":[8,8],"17":[8,8],"18":[1,7],"19":[1,7],"20":[1,7],"21":[1,7],"22":[1,7],"23":[8,0],"24":[8,8],"25":[8,0],"26":[8,8],"27":[0,8],"28":[33,0],"29":[0,33],"30":[33,0],"31":[33,0],"32":[9,0],"33":[8,25],"34":[25,21],"35":[1,32],"36":[19,24],"37":[43,41],"38":[46,1],"39":[19,24],"40":[3,21],"41":[9,13],"42":[2,11],"43":[6,5],"44":[31,11],"45":[11,1],"46":[11,0],"47":[5,6],"48":[1,5],"49":[1,4],"50":[3,1],"51":[6,35],"52":[20,15],"53":[6,9],"54":[33,0],"55":[33,0],"56":[33,25],"57":[9,0],"58":[9,0],"59":[8,25],"60":[25,21],"61":[31,24],"62":[8,25],"63":[3,30],"64":[33,8],"65":[24,9],"66":[31,10],"67":[14,5],"68":[2,0],"69":[2,2],"70":[2,0],"71":[2,2],"72":[2,0],"73":[2,2],"74":[2,0],"75":[2,2],"76":[2,0],"77":[2,2],"78":[2,0],"79":[2,2],"80":[2,0],"81":[2,2]}}
,"/Users/m2pro/dev/projects/rtb-gis-schools-monitoring-system/server/src/modules/auth/auth.service.ts": {"path":"/Users/m2pro/dev/projects/rtb-gis-schools-monitoring-system/server/src/modules/auth/auth.service.ts","statementMap":{"0":{"start":{"line":1,"column":0},"end":{"line":1,"column":67}},"1":{"start":{"line":2,"column":0},"end":{"line":2,"column":41}},"2":{"start":{"line":3,"column":0},"end":{"line":3,"column":47}},"3":{"start":{"line":4,"column":0},"end":{"line":4,"column":51}},"4":{"start":{"line":5,"column":0},"end":{"line":5,"column":37}},"5":{"start":{"line":6,"column":0},"end":{"line":6,"column":35}},"6":{"start":{"line":7,"column":0},"end":{"line":7,"column":53}},"7":{"start":{"line":11,"column":7},"end":{"line":107,"column":null}},"8":{"start":{"line":14,"column":21},"end":{"line":14,"column":37}},"9":{"start":{"line":15,"column":21},"end":{"line":15,"column":33}},"10":{"start":{"line":16,"column":21},"end":{"line":16,"column":36}},"11":{"start":{"line":20,"column":32},"end":{"line":20,"column":40}},"12":{"start":{"line":22,"column":17},"end":{"line":30,"column":15}},"13":{"start":{"line":32,"column":4},"end":{"line":32,"column":70}},"14":{"start":{"line":32,"column":15},"end":{"line":32,"column":70}},"15":{"start":{"line":34,"column":28},"end":{"line":34,"column":65}},"16":{"start":{"line":35,"column":4},"end":{"line":36,"column":61}},"17":{"start":{"line":36,"column":6},"end":{"line":36,"column":61}},"18":{"start":{"line":39,"column":4},"end":{"line":39,"column":75}},"19":{"start":{"line":41,"column":19},"end":{"line":41,"column":50}},"20":{"start":{"line":42,"column":4},"end":{"line":42,"column":62}},"21":{"start":{"line":44,"column":52},"end":{"line":44,"column":63}},"22":{"start":{"line":46,"column":4},"end":{"line":49,"column":6}},"23":{"start":{"line":53,"column":17},"end":{"line":61,"column":15}},"24":{"start":{"line":63,"column":4},"end":{"line":64,"column":55}},"25":{"start":{"line":64,"column":6},"end":{"line":64,"column":55}},"26":{"start":{"line":66,"column":25},"end":{"line":66,"column":78}},"27":{"start":{"line":67,"column":4},"end":{"line":67,"column":72}},"28":{"start":{"line":67,"column":23},"end":{"line":67,"column":72}},"29":{"start":{"line":69,"column":19},"end":{"line":69,"column":50}},"30":{"start":{"line":70,"column":4},"end":{"line":70,"column":62}},"31":{"start":{"line":71,"column":4},"end":{"line":71,"column":18}},"32":{"start":{"line":75,"column":4},"end":{"line":75,"column":69}},"33":{"start":{"line":76,"column":4},"end":{"line":76,"column":50}},"34":{"start":{"line":80,"column":17},"end":{"line":83,"column":6}},"35":{"start":{"line":84,"column":4},"end":{"line":84,"column":77}},"36":{"start":{"line":84,"column":15},"end":{"line":84,"column":77}},"37":{"start":{"line":85,"column":4},"end":{"line":85,"column":16}},"38":{"start":{"line":89,"column":20},"end":{"line":89,"column":72}},"39":{"start":{"line":90,"column":40},"end":{"line":99,"column":6}},"40":{"start":{"line":100,"column":4},"end":{"line":100,"column":41}},"41":{"start":{"line":104,"column":17},"end":{"line":104,"column":52}},"42":{"start":{"line":105,"column":4},"end":{"line":105,"column":69}},"43":{"start":{"line":11,"column":13},"end":{"line":11,"column":24}},"44":{"start":{"line":11,"column":13},"end":{"line":107,"column":null}}},"fnMap":{"0":{"name":"(anonymous_13)","decl":{"start":{"line":12,"column":2},"end":{"line":12,"column":null}},"loc":{"start":{"line":16,"column":49},"end":{"line":17,"column":6}}},"1":{"name":"(anonymous_14)","decl":{"start":{"line":19,"column":2},"end":{"line":19,"column":7}},"loc":{"start":{"line":19,"column":32},"end":{"line":50,"column":3}}},"2":{"name":"(anonymous_15)","decl":{"start":{"line":52,"column":2},"end":{"line":52,"column":7}},"loc":{"start":{"line":52,"column":57},"end":{"line":72,"column":3}}},"3":{"name":"(anonymous_16)","decl":{"start":{"line":74,"column":2},"end":{"line":74,"column":7}},"loc":{"start":{"line":74,"column":29},"end":{"line":77,"column":3}}},"4":{"name":"(anonymous_17)","decl":{"start":{"line":79,"column":2},"end":{"line":79,"column":7}},"loc":{"start":{"line":79,"column":35},"end":{"line":86,"column":3}}},"5":{"name":"(anonymous_18)","decl":{"start":{"line":88,"column":10},"end":{"line":88,"column":15}},"loc":{"start":{"line":88,"column":41},"end":{"line":101,"column":3}}},"6":{"name":"(anonymous_19)","decl":{"start":{"line":103,"column":10},"end":{"line":103,"column":15}},"loc":{"start":{"line":103,"column":69},"end":{"line":106,"column":3}}}},"branchMap":{"0":{"loc":{"start":{"line":32,"column":4},"end":{"line":32,"column":70}},"type":"if","locations":[{"start":{"line":32,"column":4},"end":{"line":32,"column":70}},{"start":{},"end":{}}]},"1":{"loc":{"start":{"line":35,"column":4},"end":{"line":36,"column":61}},"type":"if","locations":[{"start":{"line":35,"column":4},"end":{"line":36,"column":61}},{"start":{},"end":{}}]},"2":{"loc":{"start":{"line":63,"column":4},"end":{"line":64,"column":55}},"type":"if","locations":[{"start":{"line":63,"column":4},"end":{"line":64,"column":55}},{"start":{},"end":{}}]},"3":{"loc":{"start":{"line":63,"column":8},"end":{"line":63,"column":35}},"type":"binary-expr","locations":[{"start":{"line":63,"column":8},"end":{"line":63,"column":13}},{"start":{"line":63,"column":17},"end":{"line":63,"column":35}}]},"4":{"loc":{"start":{"line":67,"column":4},"end":{"line":67,"column":72}},"type":"if","locations":[{"start":{"line":67,"column":4},"end":{"line":67,"column":72}},{"start":{},"end":{}}]},"5":{"loc":{"start":{"line":84,"column":4},"end":{"line":84,"column":77}},"type":"if","locations":[{"start":{"line":84,"column":4},"end":{"line":84,"column":77}},{"start":{},"end":{}}]},"6":{"loc":{"start":{"line":14,"column":37},"end":{"line":14,"column":53}},"type":"cond-expr","locations":[{"start":{"line":14,"column":47},"end":{"line":14,"column":53}},{"start":{"line":14,"column":47},"end":{"line":14,"column":53}}]},"7":{"loc":{"start":{"line":14,"column":37},"end":{"line":14,"column":47}},"type":"binary-expr","locations":[{"start":{"line":14,"column":37},"end":{"line":14,"column":53}},{"start":{"line":14,"column":37},"end":{"line":14,"column":47}}]},"8":{"loc":{"start":{"line":14,"column":47},"end":{"line":15,"column":null}},"type":"cond-expr","locations":[{"start":{"line":15,"column":43},"end":{"line":15,"column":null}},{"start":{"line":15,"column":43},"end":{"line":15,"column":null}}]},"9":{"loc":{"start":{"line":14,"column":47},"end":{"line":15,"column":43}},"type":"binary-expr","locations":[{"start":{"line":14,"column":47},"end":{"line":15,"column":null}},{"start":{"line":15,"column":33},"end":{"line":15,"column":43}}]},"10":{"loc":{"start":{"line":15,"column":43},"end":{"line":16,"column":null}},"type":"cond-expr","locations":[{"start":{"line":16,"column":49},"end":{"line":16,"column":null}},{"start":{"line":16,"column":49},"end":{"line":16,"column":null}}]},"11":{"loc":{"start":{"line":15,"column":43},"end":{"line":16,"column":49}},"type":"binary-expr","locations":[{"start":{"line":15,"column":43},"end":{"line":16,"column":null}},{"start":{"line":16,"column":36},"end":{"line":16,"column":49}}]}},"s":{"0":1,"1":1,"2":1,"3":1,"4":1,"5":1,"6":1,"7":1,"8":24,"9":24,"10":24,"11":13,"12":13,"13":13,"14":5,"15":8,"16":8,"17":3,"18":5,"19":5,"20":5,"21":5,"22":5,"23":13,"24":13,"25":7,"26":6,"27":6,"28":3,"29":3,"30":3,"31":3,"32":1,"33":1,"34":4,"35":4,"36":3,"37":1,"38":8,"39":8,"40":8,"41":8,"42":8,"43":1,"44":1},"f":{"0":24,"1":13,"2":13,"3":1,"4":4,"5":8,"6":8},"b":{"0":[5,8],"1":[3,5],"2":[7,6],"3":[13,10],"4":[3,3],"5":[3,1],"6":[1,0],"7":[1,1],"8":[1,0],"9":[1,1],"10":[1,0],"11":[1,1]}}
,"/Users/m2pro/dev/projects/rtb-gis-schools-monitoring-system/server/src/modules/dashboard/dashboard.service.ts": {"path":"/Users/m2pro/dev/projects/rtb-gis-schools-monitoring-system/server/src/modules/dashboard/dashboard.service.ts","statementMap":{"0":{"start":{"line":1,"column":0},"end":{"line":1,"column":63}},"1":{"start":{"line":2,"column":0},"end":{"line":2,"column":51}},"2":{"start":{"line":3,"column":0},"end":{"line":3,"column":37}},"3":{"start":{"line":4,"column":0},"end":{"line":4,"column":59}},"4":{"start":{"line":5,"column":0},"end":{"line":5,"column":76}},"5":{"start":{"line":6,"column":0},"end":{"line":6,"column":79}},"6":{"start":{"line":7,"column":0},"end":{"line":7,"column":79}},"7":{"start":{"line":8,"column":0},"end":{"line":8,"column":60}},"8":{"start":{"line":9,"column":0},"end":{"line":9,"column":66}},"9":{"start":{"line":25,"column":0},"end":{"line":25,"column":71}},"10":{"start":{"line":28,"column":7},"end":{"line":402,"column":null}},"11":{"start":{"line":31,"column":21},"end":{"line":31,"column":39}},"12":{"start":{"line":33,"column":21},"end":{"line":33,"column":41}},"13":{"start":{"line":35,"column":21},"end":{"line":35,"column":43}},"14":{"start":{"line":36,"column":21},"end":{"line":36,"column":37}},"15":{"start":{"line":37,"column":21},"end":{"line":37,"column":39}},"16":{"start":{"line":41,"column":19},"end":{"line":44,"column":6}},"17":{"start":{"line":45,"column":4},"end":{"line":47,"column":5}},"18":{"start":{"line":46,"column":6},"end":{"line":46,"column":76}},"19":{"start":{"line":49,"column":29},"end":{"line":49,"column":51}},"20":{"start":{"line":50,"column":16},"end":{"line":50,"column":40}},"21":{"start":{"line":53,"column":49},"end":{"line":58,"column":6}},"22":{"start":{"line":59,"column":22},"end":{"line":61,"column":null}},"23":{"start":{"line":60,"column":18},"end":{"line":60,"column":66}},"24":{"start":{"line":64,"column":6},"end":{"line":64,"column":74}},"25":{"start":{"line":67,"column":17},"end":{"line":69,"column":44}},"26":{"start":{"line":68,"column":21},"end":{"line":68,"column":32}},"27":{"start":{"line":69,"column":18},"end":{"line":69,"column":43}},"28":{"start":{"line":71,"column":6},"end":{"line":73,"column":11}},"29":{"start":{"line":72,"column":43},"end":{"line":72,"column":48}},"30":{"start":{"line":75,"column":21},"end":{"line":77,"column":null}},"31":{"start":{"line":81,"column":27},"end":{"line":91,"column":6}},"32":{"start":{"line":83,"column":8},"end":{"line":84,"column":50}},"33":{"start":{"line":85,"column":26},"end":{"line":87,"column":11}},"34":{"start":{"line":88,"column":22},"end":{"line":88,"column":47}},"35":{"start":{"line":89,"column":23},"end":{"line":89,"column":79}},"36":{"start":{"line":90,"column":6},"end":{"line":90,"column":37}},"37":{"start":{"line":94,"column":26},"end":{"line":96,"column":null}},"38":{"start":{"line":95,"column":31},"end":{"line":95,"column":67}},"39":{"start":{"line":98,"column":26},"end":{"line":100,"column":null}},"40":{"start":{"line":99,"column":31},"end":{"line":99,"column":62}},"41":{"start":{"line":103,"column":6},"end":{"line":103,"column":59}},"42":{"start":{"line":108,"column":7},"end":{"line":110,"column":11}},"43":{"start":{"line":111,"column":25},"end":{"line":111,"column":49}},"44":{"start":{"line":112,"column":23},"end":{"line":114,"column":12}},"45":{"start":{"line":113,"column":6},"end":{"line":113,"column":67}},"46":{"start":{"line":115,"column":17},"end":{"line":117,"column":12}},"47":{"start":{"line":116,"column":6},"end":{"line":116,"column":65}},"48":{"start":{"line":118,"column":24},"end":{"line":120,"column":12}},"49":{"start":{"line":119,"column":6},"end":{"line":119,"column":66}},"50":{"start":{"line":122,"column":50},"end":{"line":127,"column":6}},"51":{"start":{"line":128,"column":28},"end":{"line":128,"column":53}},"52":{"start":{"line":129,"column":42},"end":{"line":129,"column":75}},"53":{"start":{"line":130,"column":40},"end":{"line":133,"column":6}},"54":{"start":{"line":135,"column":4},"end":{"line":143,"column":6}},"55":{"start":{"line":148,"column":20},"end":{"line":148,"column":74}},"56":{"start":{"line":150,"column":58},"end":{"line":160,"column":6}},"57":{"start":{"line":163,"column":47},"end":{"line":163,"column":68}},"58":{"start":{"line":164,"column":46},"end":{"line":164,"column":66}},"59":{"start":{"line":167,"column":40},"end":{"line":180,"column":6}},"60":{"start":{"line":183,"column":25},"end":{"line":183,"column":27}},"61":{"start":{"line":184,"column":31},"end":{"line":184,"column":64}},"62":{"start":{"line":185,"column":36},"end":{"line":185,"column":37}},"63":{"start":{"line":186,"column":38},"end":{"line":186,"column":59}},"64":{"start":{"line":187,"column":37},"end":{"line":187,"column":57}},"65":{"start":{"line":189,"column":25},"end":{"line":195,"column":6}},"66":{"start":{"line":196,"column":53},"end":{"line":202,"column":6}},"67":{"start":{"line":205,"column":25},"end":{"line":210,"column":6}},"68":{"start":{"line":212,"column":27},"end":{"line":218,"column":6}},"69":{"start":{"line":212,"column":55},"end":{"line":218,"column":6}},"70":{"start":{"line":220,"column":51},"end":{"line":225,"column":6}},"71":{"start":{"line":227,"column":23},"end":{"line":227,"column":39}},"72":{"start":{"line":228,"column":24},"end":{"line":228,"column":40}},"73":{"start":{"line":230,"column":4},"end":{"line":325,"column":5}},"74":{"start":{"line":231,"column":19},"end":{"line":235,"column":8}},"75":{"start":{"line":236,"column":26},"end":{"line":236,"column":41}},"76":{"start":{"line":237,"column":22},"end":{"line":237,"column":32}},"77":{"start":{"line":238,"column":20},"end":{"line":238,"column":67}},"78":{"start":{"line":239,"column":21},"end":{"line":239,"column":30}},"79":{"start":{"line":241,"column":6},"end":{"line":322,"column":7}},"80":{"start":{"line":242,"column":23},"end":{"line":247,"column":14}},"81":{"start":{"line":246,"column":14},"end":{"line":246,"column":79}},"82":{"start":{"line":248,"column":8},"end":{"line":250,"column":15}},"83":{"start":{"line":251,"column":8},"end":{"line":251,"column":64}},"84":{"start":{"line":252,"column":8},"end":{"line":318,"column":11}},"85":{"start":{"line":253,"column":20},"end":{"line":253,"column":41}},"86":{"start":{"line":255,"column":12},"end":{"line":256,"column":47}},"87":{"start":{"line":257,"column":10},"end":{"line":259,"column":11}},"88":{"start":{"line":258,"column":12},"end":{"line":258,"column":52}},"89":{"start":{"line":260,"column":27},"end":{"line":261,"column":null}},"90":{"start":{"line":263,"column":10},"end":{"line":265,"column":11}},"91":{"start":{"line":264,"column":12},"end":{"line":264,"column":48}},"92":{"start":{"line":267,"column":25},"end":{"line":267,"column":77}},"93":{"start":{"line":268,"column":10},"end":{"line":280,"column":11}},"94":{"start":{"line":269,"column":12},"end":{"line":269,"column":38}},"95":{"start":{"line":270,"column":12},"end":{"line":270,"column":43}},"96":{"start":{"line":271,"column":17},"end":{"line":280,"column":11}},"97":{"start":{"line":272,"column":12},"end":{"line":272,"column":47}},"98":{"start":{"line":273,"column":12},"end":{"line":273,"column":45}},"99":{"start":{"line":274,"column":17},"end":{"line":280,"column":11}},"100":{"start":{"line":275,"column":12},"end":{"line":275,"column":37}},"101":{"start":{"line":276,"column":12},"end":{"line":276,"column":40}},"102":{"start":{"line":277,"column":17},"end":{"line":280,"column":11}},"103":{"start":{"line":278,"column":12},"end":{"line":278,"column":37}},"104":{"start":{"line":279,"column":12},"end":{"line":279,"column":41}},"105":{"start":{"line":282,"column":22},"end":{"line":282,"column":57}},"106":{"start":{"line":284,"column":12},"end":{"line":284,"column":80}},"107":{"start":{"line":285,"column":10},"end":{"line":298,"column":11}},"108":{"start":{"line":286,"column":12},"end":{"line":290,"column":70}},"109":{"start":{"line":286,"column":49},"end":{"line":286,"column":67}},"110":{"start":{"line":287,"column":17},"end":{"line":290,"column":70}},"111":{"start":{"line":288,"column":14},"end":{"line":288,"column":41}},"112":{"start":{"line":289,"column":17},"end":{"line":290,"column":70}},"113":{"start":{"line":289,"column":53},"end":{"line":289,"column":70}},"114":{"start":{"line":290,"column":17},"end":{"line":290,"column":70}},"115":{"start":{"line":290,"column":53},"end":{"line":290,"column":70}},"116":{"start":{"line":291,"column":12},"end":{"line":297,"column":13}},"117":{"start":{"line":296,"column":14},"end":{"line":296,"column":38}},"118":{"start":{"line":300,"column":10},"end":{"line":308,"column":11}},"119":{"start":{"line":301,"column":12},"end":{"line":305,"column":13}},"120":{"start":{"line":302,"column":25},"end":{"line":302,"column":56}},"121":{"start":{"line":303,"column":25},"end":{"line":303,"column":57}},"122":{"start":{"line":304,"column":14},"end":{"line":304,"column":77}},"123":{"start":{"line":309,"column":23},"end":{"line":311,"column":16}},"124":{"start":{"line":312,"column":10},"end":{"line":317,"column":13}},"125":{"start":{"line":313,"column":26},"end":{"line":313,"column":51}},"126":{"start":{"line":314,"column":12},"end":{"line":316,"column":13}},"127":{"start":{"line":315,"column":14},"end":{"line":315,"column":75}},"128":{"start":{"line":319,"column":30},"end":{"line":319,"column":81}},"129":{"start":{"line":319,"column":61},"end":{"line":319,"column":73}},"130":{"start":{"line":320,"column":8},"end":{"line":321,"column":80}},"131":{"start":{"line":321,"column":10},"end":{"line":321,"column":80}},"132":{"start":{"line":327,"column":22},"end":{"line":331,"column":5}},"133":{"start":{"line":328,"column":6},"end":{"line":328,"column":47}},"134":{"start":{"line":328,"column":35},"end":{"line":328,"column":47}},"135":{"start":{"line":329,"column":6},"end":{"line":329,"column":47}},"136":{"start":{"line":329,"column":22},"end":{"line":329,"column":47}},"137":{"start":{"line":330,"column":6},"end":{"line":330,"column":59}},"138":{"start":{"line":333,"column":28},"end":{"line":341,"column":6}},"139":{"start":{"line":343,"column":38},"end":{"line":366,"column":26}},"140":{"start":{"line":368,"column":39},"end":{"line":375,"column":6}},"141":{"start":{"line":376,"column":4},"end":{"line":376,"column":15}},"142":{"start":{"line":383,"column":4},"end":{"line":383,"column":37}},"143":{"start":{"line":383,"column":27},"end":{"line":383,"column":37}},"144":{"start":{"line":385,"column":24},"end":{"line":385,"column":48}},"145":{"start":{"line":386,"column":25},"end":{"line":388,"column":52}},"146":{"start":{"line":387,"column":21},"end":{"line":387,"column":32}},"147":{"start":{"line":388,"column":18},"end":{"line":388,"column":51}},"148":{"start":{"line":390,"column":4},"end":{"line":390,"column":40}},"149":{"start":{"line":390,"column":30},"end":{"line":390,"column":40}},"150":{"start":{"line":393,"column":6},"end":{"line":393,"column":75}},"151":{"start":{"line":393,"column":40},"end":{"line":393,"column":49}},"152":{"start":{"line":397,"column":4},"end":{"line":397,"column":32}},"153":{"start":{"line":397,"column":22},"end":{"line":397,"column":32}},"154":{"start":{"line":398,"column":4},"end":{"line":398,"column":32}},"155":{"start":{"line":398,"column":22},"end":{"line":398,"column":32}},"156":{"start":{"line":399,"column":4},"end":{"line":399,"column":32}},"157":{"start":{"line":399,"column":22},"end":{"line":399,"column":32}},"158":{"start":{"line":400,"column":4},"end":{"line":400,"column":14}},"159":{"start":{"line":28,"column":13},"end":{"line":28,"column":29}},"160":{"start":{"line":28,"column":13},"end":{"line":402,"column":null}}},"fnMap":{"0":{"name":"(anonymous_4)","decl":{"start":{"line":29,"column":2},"end":{"line":29,"column":null}},"loc":{"start":{"line":37,"column":55},"end":{"line":38,"column":6}}},"1":{"name":"(anonymous_5)","decl":{"start":{"line":40,"column":2},"end":{"line":40,"column":7}},"loc":{"start":{"line":40,"column":36},"end":{"line":144,"column":3}}},"2":{"name":"(anonymous_6)","decl":{"start":{"line":60,"column":6},"end":{"line":60,"column":7}},"loc":{"start":{"line":60,"column":18},"end":{"line":60,"column":66}}},"3":{"name":"(anonymous_7)","decl":{"start":{"line":68,"column":14},"end":{"line":68,"column":15}},"loc":{"start":{"line":68,"column":21},"end":{"line":68,"column":32}}},"4":{"name":"(anonymous_8)","decl":{"start":{"line":69,"column":11},"end":{"line":69,"column":12}},"loc":{"start":{"line":69,"column":18},"end":{"line":69,"column":43}}},"5":{"name":"(anonymous_9)","decl":{"start":{"line":72,"column":33},"end":{"line":72,"column":34}},"loc":{"start":{"line":72,"column":43},"end":{"line":72,"column":48}}},"6":{"name":"(anonymous_10)","decl":{"start":{"line":81,"column":42},"end":{"line":81,"column":43}},"loc":{"start":{"line":81,"column":48},"end":{"line":91,"column":5}}},"7":{"name":"(anonymous_11)","decl":{"start":{"line":95,"column":6},"end":{"line":95,"column":7}},"loc":{"start":{"line":95,"column":31},"end":{"line":95,"column":67}}},"8":{"name":"(anonymous_12)","decl":{"start":{"line":99,"column":6},"end":{"line":99,"column":7}},"loc":{"start":{"line":99,"column":31},"end":{"line":99,"column":62}}},"9":{"name":"(anonymous_13)","decl":{"start":{"line":112,"column":40},"end":{"line":112,"column":41}},"loc":{"start":{"line":113,"column":6},"end":{"line":113,"column":67}}},"10":{"name":"(anonymous_14)","decl":{"start":{"line":115,"column":34},"end":{"line":115,"column":35}},"loc":{"start":{"line":116,"column":6},"end":{"line":116,"column":65}}},"11":{"name":"(anonymous_15)","decl":{"start":{"line":118,"column":41},"end":{"line":118,"column":42}},"loc":{"start":{"line":119,"column":6},"end":{"line":119,"column":66}}},"12":{"name":"(anonymous_16)","decl":{"start":{"line":146,"column":2},"end":{"line":146,"column":7}},"loc":{"start":{"line":146,"column":41},"end":{"line":377,"column":3}}},"13":{"name":"(anonymous_17)","decl":{"start":{"line":212,"column":27},"end":{"line":212,"column":51}},"loc":{"start":{"line":212,"column":55},"end":{"line":218,"column":6}}},"14":{"name":"(anonymous_18)","decl":{"start":{"line":245,"column":12},"end":{"line":245,"column":13}},"loc":{"start":{"line":246,"column":14},"end":{"line":246,"column":79}}},"15":{"name":"(anonymous_19)","decl":{"start":{"line":252,"column":28},"end":{"line":252,"column":29}},"loc":{"start":{"line":252,"column":39},"end":{"line":318,"column":9}}},"16":{"name":"(anonymous_20)","decl":{"start":{"line":312,"column":23},"end":{"line":312,"column":24}},"loc":{"start":{"line":312,"column":39},"end":{"line":317,"column":11}}},"17":{"name":"(anonymous_21)","decl":{"start":{"line":319,"column":49},"end":{"line":319,"column":50}},"loc":{"start":{"line":319,"column":61},"end":{"line":319,"column":73}}},"18":{"name":"(anonymous_22)","decl":{"start":{"line":327,"column":22},"end":{"line":327,"column":23}},"loc":{"start":{"line":327,"column":67},"end":{"line":331,"column":5}}},"19":{"name":"(anonymous_23)","decl":{"start":{"line":379,"column":10},"end":{"line":379,"column":27}},"loc":{"start":{"line":381,"column":28},"end":{"line":401,"column":3}}},"20":{"name":"(anonymous_24)","decl":{"start":{"line":387,"column":14},"end":{"line":387,"column":15}},"loc":{"start":{"line":387,"column":21},"end":{"line":387,"column":32}}},"21":{"name":"(anonymous_25)","decl":{"start":{"line":388,"column":11},"end":{"line":388,"column":12}},"loc":{"start":{"line":388,"column":18},"end":{"line":388,"column":51}}},"22":{"name":"(anonymous_26)","decl":{"start":{"line":393,"column":26},"end":{"line":393,"column":27}},"loc":{"start":{"line":393,"column":40},"end":{"line":393,"column":49}}}},"branchMap":{"0":{"loc":{"start":{"line":45,"column":4},"end":{"line":47,"column":5}},"type":"if","locations":[{"start":{"line":45,"column":4},"end":{"line":47,"column":5}},{"start":{},"end":{}}]},"1":{"loc":{"start":{"line":49,"column":29},"end":{"line":49,"column":51}},"type":"binary-expr","locations":[{"start":{"line":49,"column":29},"end":{"line":49,"column":45}},{"start":{"line":49,"column":49},"end":{"line":49,"column":51}}]},"2":{"loc":{"start":{"line":60,"column":25},"end":{"line":60,"column":65}},"type":"binary-expr","locations":[{"start":{"line":60,"column":25},"end":{"line":60,"column":60}},{"start":{"line":60,"column":64},"end":{"line":60,"column":65}}]},"3":{"loc":{"start":{"line":64,"column":6},"end":{"line":64,"column":74}},"type":"cond-expr","locations":[{"start":{"line":64,"column":29},"end":{"line":64,"column":69}},{"start":{"line":64,"column":72},"end":{"line":64,"column":74}}]},"4":{"loc":{"start":{"line":71,"column":6},"end":{"line":73,"column":11}},"type":"cond-expr","locations":[{"start":{"line":72,"column":10},"end":{"line":72,"column":67}},{"start":{"line":73,"column":10},"end":{"line":73,"column":11}}]},"5":{"loc":{"start":{"line":83,"column":8},"end":{"line":84,"column":50}},"type":"binary-expr","locations":[{"start":{"line":83,"column":8},"end":{"line":83,"column":46}},{"start":{"line":84,"column":8},"end":{"line":84,"column":50}}]},"6":{"loc":{"start":{"line":85,"column":26},"end":{"line":87,"column":11}},"type":"cond-expr","locations":[{"start":{"line":86,"column":10},"end":{"line":86,"column":50}},{"start":{"line":87,"column":10},"end":{"line":87,"column":11}}]},"7":{"loc":{"start":{"line":89,"column":23},"end":{"line":89,"column":79}},"type":"cond-expr","locations":[{"start":{"line":89,"column":37},"end":{"line":89,"column":71}},{"start":{"line":89,"column":74},"end":{"line":89,"column":79}}]},"8":{"loc":{"start":{"line":90,"column":13},"end":{"line":90,"column":36}},"type":"binary-expr","locations":[{"start":{"line":90,"column":13},"end":{"line":90,"column":24}},{"start":{"line":90,"column":28},"end":{"line":90,"column":36}}]},"9":{"loc":{"start":{"line":94,"column":27},"end":{"line":94,"column":57}},"type":"binary-expr","locations":[{"start":{"line":94,"column":27},"end":{"line":94,"column":51}},{"start":{"line":94,"column":55},"end":{"line":94,"column":57}}]},"10":{"loc":{"start":{"line":95,"column":38},"end":{"line":95,"column":66}},"type":"binary-expr","locations":[{"start":{"line":95,"column":38},"end":{"line":95,"column":61}},{"start":{"line":95,"column":65},"end":{"line":95,"column":66}}]},"11":{"loc":{"start":{"line":98,"column":27},"end":{"line":98,"column":57}},"type":"binary-expr","locations":[{"start":{"line":98,"column":27},"end":{"line":98,"column":51}},{"start":{"line":98,"column":55},"end":{"line":98,"column":57}}]},"12":{"loc":{"start":{"line":99,"column":38},"end":{"line":99,"column":61}},"type":"binary-expr","locations":[{"start":{"line":99,"column":38},"end":{"line":99,"column":56}},{"start":{"line":99,"column":60},"end":{"line":99,"column":61}}]},"13":{"loc":{"start":{"line":103,"column":6},"end":{"line":103,"column":59}},"type":"cond-expr","locations":[{"start":{"line":103,"column":26},"end":{"line":103,"column":55}},{"start":{"line":103,"column":58},"end":{"line":103,"column":59}}]},"14":{"loc":{"start":{"line":108,"column":7},"end":{"line":110,"column":11}},"type":"cond-expr","locations":[{"start":{"line":109,"column":10},"end":{"line":109,"column":53}},{"start":{"line":110,"column":10},"end":{"line":110,"column":11}}]},"15":{"loc":{"start":{"line":111,"column":26},"end":{"line":111,"column":41}},"type":"binary-expr","locations":[{"start":{"line":111,"column":26},"end":{"line":111,"column":35}},{"start":{"line":111,"column":39},"end":{"line":111,"column":41}}]},"16":{"loc":{"start":{"line":113,"column":7},"end":{"line":113,"column":23}},"type":"binary-expr","locations":[{"start":{"line":113,"column":7},"end":{"line":113,"column":17}},{"start":{"line":113,"column":21},"end":{"line":113,"column":23}}]},"17":{"loc":{"start":{"line":116,"column":7},"end":{"line":116,"column":23}},"type":"binary-expr","locations":[{"start":{"line":116,"column":7},"end":{"line":116,"column":17}},{"start":{"line":116,"column":21},"end":{"line":116,"column":23}}]},"18":{"loc":{"start":{"line":119,"column":7},"end":{"line":119,"column":23}},"type":"binary-expr","locations":[{"start":{"line":119,"column":7},"end":{"line":119,"column":17}},{"start":{"line":119,"column":21},"end":{"line":119,"column":23}}]},"19":{"loc":{"start":{"line":184,"column":31},"end":{"line":184,"column":64}},"type":"binary-expr","locations":[{"start":{"line":184,"column":31},"end":{"line":184,"column":59}},{"start":{"line":184,"column":63},"end":{"line":184,"column":64}}]},"20":{"loc":{"start":{"line":236,"column":26},"end":{"line":236,"column":41}},"type":"binary-expr","locations":[{"start":{"line":236,"column":26},"end":{"line":236,"column":35}},{"start":{"line":236,"column":39},"end":{"line":236,"column":41}}]},"21":{"loc":{"start":{"line":241,"column":6},"end":{"line":322,"column":7}},"type":"if","locations":[{"start":{"line":241,"column":6},"end":{"line":322,"column":7}},{"start":{},"end":{}}]},"22":{"loc":{"start":{"line":248,"column":25},"end":{"line":250,"column":14}},"type":"cond-expr","locations":[{"start":{"line":249,"column":12},"end":{"line":249,"column":52}},{"start":{"line":250,"column":12},"end":{"line":250,"column":14}}]},"23":{"loc":{"start":{"line":251,"column":31},"end":{"line":251,"column":63}},"type":"binary-expr","locations":[{"start":{"line":251,"column":31},"end":{"line":251,"column":41}},{"start":{"line":251,"column":45},"end":{"line":251,"column":63}}]},"24":{"loc":{"start":{"line":257,"column":10},"end":{"line":259,"column":11}},"type":"if","locations":[{"start":{"line":257,"column":10},"end":{"line":259,"column":11}},{"start":{},"end":{}}]},"25":{"loc":{"start":{"line":257,"column":14},"end":{"line":257,"column":48}},"type":"binary-expr","locations":[{"start":{"line":257,"column":14},"end":{"line":257,"column":29}},{"start":{"line":257,"column":33},"end":{"line":257,"column":48}}]},"26":{"loc":{"start":{"line":263,"column":10},"end":{"line":265,"column":11}},"type":"if","locations":[{"start":{"line":263,"column":10},"end":{"line":265,"column":11}},{"start":{},"end":{}}]},"27":{"loc":{"start":{"line":263,"column":14},"end":{"line":263,"column":43}},"type":"binary-expr","locations":[{"start":{"line":263,"column":14},"end":{"line":263,"column":27}},{"start":{"line":263,"column":31},"end":{"line":263,"column":43}}]},"28":{"loc":{"start":{"line":267,"column":32},"end":{"line":267,"column":46}},"type":"binary-expr","locations":[{"start":{"line":267,"column":32},"end":{"line":267,"column":40}},{"start":{"line":267,"column":44},"end":{"line":267,"column":46}}]},"29":{"loc":{"start":{"line":268,"column":10},"end":{"line":280,"column":11}},"type":"if","locations":[{"start":{"line":268,"column":10},"end":{"line":280,"column":11}},{"start":{"line":271,"column":17},"end":{"line":280,"column":11}}]},"30":{"loc":{"start":{"line":271,"column":17},"end":{"line":280,"column":11}},"type":"if","locations":[{"start":{"line":271,"column":17},"end":{"line":280,"column":11}},{"start":{"line":274,"column":17},"end":{"line":280,"column":11}}]},"31":{"loc":{"start":{"line":274,"column":17},"end":{"line":280,"column":11}},"type":"if","locations":[{"start":{"line":274,"column":17},"end":{"line":280,"column":11}},{"start":{"line":277,"column":17},"end":{"line":280,"column":11}}]},"32":{"loc":{"start":{"line":277,"column":17},"end":{"line":280,"column":11}},"type":"if","locations":[{"start":{"line":277,"column":17},"end":{"line":280,"column":11}},{"start":{},"end":{}}]},"33":{"loc":{"start":{"line":284,"column":12},"end":{"line":284,"column":80}},"type":"cond-expr","locations":[{"start":{"line":284,"column":28},"end":{"line":284,"column":40}},{"start":{"line":284,"column":43},"end":{"line":284,"column":80}}]},"34":{"loc":{"start":{"line":284,"column":43},"end":{"line":284,"column":80}},"type":"cond-expr","locations":[{"start":{"line":284,"column":60},"end":{"line":284,"column":73}},{"start":{"line":284,"column":76},"end":{"line":284,"column":80}}]},"35":{"loc":{"start":{"line":285,"column":10},"end":{"line":298,"column":11}},"type":"if","locations":[{"start":{"line":285,"column":10},"end":{"line":298,"column":11}},{"start":{},"end":{}}]},"36":{"loc":{"start":{"line":286,"column":12},"end":{"line":290,"column":70}},"type":"if","locations":[{"start":{"line":286,"column":12},"end":{"line":290,"column":70}},{"start":{"line":287,"column":17},"end":{"line":290,"column":70}}]},"37":{"loc":{"start":{"line":287,"column":17},"end":{"line":290,"column":70}},"type":"if","locations":[{"start":{"line":287,"column":17},"end":{"line":290,"column":70}},{"start":{"line":289,"column":17},"end":{"line":290,"column":70}}]},"38":{"loc":{"start":{"line":289,"column":17},"end":{"line":290,"column":70}},"type":"if","locations":[{"start":{"line":289,"column":17},"end":{"line":290,"column":70}},{"start":{"line":290,"column":17},"end":{"line":290,"column":70}}]},"39":{"loc":{"start":{"line":290,"column":17},"end":{"line":290,"column":70}},"type":"if","locations":[{"start":{"line":290,"column":17},"end":{"line":290,"column":70}},{"start":{},"end":{}}]},"40":{"loc":{"start":{"line":291,"column":12},"end":{"line":297,"column":13}},"type":"if","locations":[{"start":{"line":291,"column":12},"end":{"line":297,"column":13}},{"start":{},"end":{}}]},"41":{"loc":{"start":{"line":292,"column":14},"end":{"line":294,"column":44}},"type":"binary-expr","locations":[{"start":{"line":292,"column":14},"end":{"line":292,"column":45}},{"start":{"line":293,"column":14},"end":{"line":293,"column":55}},{"start":{"line":294,"column":14},"end":{"line":294,"column":44}}]},"42":{"loc":{"start":{"line":301,"column":12},"end":{"line":305,"column":13}},"type":"if","locations":[{"start":{"line":301,"column":12},"end":{"line":305,"column":13}},{"start":{},"end":{}}]},"43":{"loc":{"start":{"line":309,"column":23},"end":{"line":311,"column":16}},"type":"cond-expr","locations":[{"start":{"line":310,"column":15},"end":{"line":310,"column":38}},{"start":{"line":311,"column":14},"end":{"line":311,"column":16}}]},"44":{"loc":{"start":{"line":314,"column":12},"end":{"line":316,"column":13}},"type":"if","locations":[{"start":{"line":314,"column":12},"end":{"line":316,"column":13}},{"start":{},"end":{}}]},"45":{"loc":{"start":{"line":315,"column":41},"end":{"line":315,"column":69}},"type":"binary-expr","locations":[{"start":{"line":315,"column":41},"end":{"line":315,"column":64}},{"start":{"line":315,"column":68},"end":{"line":315,"column":69}}]},"46":{"loc":{"start":{"line":320,"column":8},"end":{"line":321,"column":80}},"type":"if","locations":[{"start":{"line":320,"column":8},"end":{"line":321,"column":80}},{"start":{},"end":{}}]},"47":{"loc":{"start":{"line":328,"column":6},"end":{"line":328,"column":47}},"type":"if","locations":[{"start":{"line":328,"column":6},"end":{"line":328,"column":47}},{"start":{},"end":{}}]},"48":{"loc":{"start":{"line":328,"column":10},"end":{"line":328,"column":33}},"type":"binary-expr","locations":[{"start":{"line":328,"column":10},"end":{"line":328,"column":20}},{"start":{"line":328,"column":24},"end":{"line":328,"column":33}}]},"49":{"loc":{"start":{"line":329,"column":6},"end":{"line":329,"column":47}},"type":"if","locations":[{"start":{"line":329,"column":6},"end":{"line":329,"column":47}},{"start":{},"end":{}}]},"50":{"loc":{"start":{"line":329,"column":29},"end":{"line":329,"column":46}},"type":"cond-expr","locations":[{"start":{"line":329,"column":39},"end":{"line":329,"column":42}},{"start":{"line":329,"column":45},"end":{"line":329,"column":46}}]},"51":{"loc":{"start":{"line":383,"column":4},"end":{"line":383,"column":37}},"type":"if","locations":[{"start":{"line":383,"column":4},"end":{"line":383,"column":37}},{"start":{},"end":{}}]},"52":{"loc":{"start":{"line":390,"column":4},"end":{"line":390,"column":40}},"type":"if","locations":[{"start":{"line":390,"column":4},"end":{"line":390,"column":40}},{"start":{},"end":{}}]},"53":{"loc":{"start":{"line":397,"column":4},"end":{"line":397,"column":32}},"type":"if","locations":[{"start":{"line":397,"column":4},"end":{"line":397,"column":32}},{"start":{},"end":{}}]},"54":{"loc":{"start":{"line":398,"column":4},"end":{"line":398,"column":32}},"type":"if","locations":[{"start":{"line":398,"column":4},"end":{"line":398,"column":32}},{"start":{},"end":{}}]},"55":{"loc":{"start":{"line":399,"column":4},"end":{"line":399,"column":32}},"type":"if","locations":[{"start":{"line":399,"column":4},"end":{"line":399,"column":32}},{"start":{},"end":{}}]},"56":{"loc":{"start":{"line":31,"column":39},"end":{"line":31,"column":57}},"type":"cond-expr","locations":[{"start":{"line":31,"column":49},"end":{"line":31,"column":57}},{"start":{"line":31,"column":49},"end":{"line":31,"column":57}}]},"57":{"loc":{"start":{"line":31,"column":39},"end":{"line":31,"column":49}},"type":"binary-expr","locations":[{"start":{"line":31,"column":39},"end":{"line":31,"column":57}},{"start":{"line":31,"column":39},"end":{"line":31,"column":49}}]},"58":{"loc":{"start":{"line":31,"column":49},"end":{"line":33,"column":67}},"type":"cond-expr","locations":[{"start":{"line":33,"column":51},"end":{"line":33,"column":67}},{"start":{"line":33,"column":51},"end":{"line":33,"column":67}}]},"59":{"loc":{"start":{"line":31,"column":49},"end":{"line":33,"column":51}},"type":"binary-expr","locations":[{"start":{"line":31,"column":49},"end":{"line":33,"column":67}},{"start":{"line":33,"column":41},"end":{"line":33,"column":51}}]},"60":{"loc":{"start":{"line":33,"column":51},"end":{"line":35,"column":69}},"type":"cond-expr","locations":[{"start":{"line":35,"column":53},"end":{"line":35,"column":69}},{"start":{"line":35,"column":53},"end":{"line":35,"column":69}}]},"61":{"loc":{"start":{"line":33,"column":51},"end":{"line":35,"column":53}},"type":"binary-expr","locations":[{"start":{"line":33,"column":51},"end":{"line":35,"column":69}},{"start":{"line":35,"column":43},"end":{"line":35,"column":53}}]},"62":{"loc":{"start":{"line":35,"column":53},"end":{"line":36,"column":null}},"type":"cond-expr","locations":[{"start":{"line":36,"column":51},"end":{"line":36,"column":null}},{"start":{"line":36,"column":51},"end":{"line":36,"column":null}}]},"63":{"loc":{"start":{"line":35,"col
[...]
81,"column":41}},"type":"binary-expr","locations":[{"start":{"line":81,"column":25},"end":{"line":81,"column":33}},{"start":{"line":81,"column":37},"end":{"line":81,"column":41}}]},"6":{"loc":{"start":{"line":82,"column":25},"end":{"line":82,"column":42}},"type":"binary-expr","locations":[{"start":{"line":82,"column":25},"end":{"line":82,"column":34}},{"start":{"line":82,"column":38},"end":{"line":82,"column":42}}]},"7":{"loc":{"start":{"line":83,"column":25},"end":{"line":83,"column":42}},"type":"binary-expr","locations":[{"start":{"line":83,"column":25},"end":{"line":83,"column":36}},{"start":{"line":83,"column":40},"end":{"line":83,"column":42}}]},"8":{"loc":{"start":{"line":84,"column":19},"end":{"line":84,"column":30}},"type":"binary-expr","locations":[{"start":{"line":84,"column":19},"end":{"line":84,"column":24}},{"start":{"line":84,"column":28},"end":{"line":84,"column":30}}]},"9":{"loc":{"start":{"line":86,"column":47},"end":{"line":86,"column":81}},"type":"binary-expr","locations":[{"start":{"line":86,"column":47},"end":{"line":86,"column":67}},{"start":{"line":86,"column":71},"end":{"line":86,"column":81}}]},"10":{"loc":{"start":{"line":113,"column":6},"end":{"line":113,"column":14}},"type":"default-arg","locations":[{"start":{"line":113,"column":13},"end":{"line":113,"column":14}}]},"11":{"loc":{"start":{"line":114,"column":6},"end":{"line":114,"column":16}},"type":"default-arg","locations":[{"start":{"line":114,"column":14},"end":{"line":114,"column":16}}]},"12":{"loc":{"start":{"line":115,"column":8},"end":{"line":115,"column":19}},"type":"binary-expr","locations":[{"start":{"line":115,"column":8},"end":{"line":115,"column":13}},{"start":{"line":115,"column":17},"end":{"line":115,"column":19}}]},"13":{"loc":{"start":{"line":118,"column":4},"end":{"line":118,"column":44}},"type":"if","locations":[{"start":{"line":118,"column":4},"end":{"line":118,"column":44}},{"start":{},"end":{}}]},"14":{"loc":{"start":{"line":119,"column":4},"end":{"line":119,"column":44}},"type":"if","locations":[{"start":{"line":119,"column":4},"end":{"line":119,"column":44}},{"start":{},"end":{}}]},"15":{"loc":{"start":{"line":120,"column":4},"end":{"line":120,"column":49}},"type":"if","locations":[{"start":{"line":120,"column":4},"end":{"line":120,"column":49}},{"start":{},"end":{}}]},"16":{"loc":{"start":{"line":121,"column":4},"end":{"line":121,"column":32}},"type":"if","locations":[{"start":{"line":121,"column":4},"end":{"line":121,"column":32}},{"start":{},"end":{}}]},"17":{"loc":{"start":{"line":125,"column":4},"end":{"line":132,"column":5}},"type":"if","locations":[{"start":{"line":125,"column":4},"end":{"line":132,"column":5}},{"start":{},"end":{}}]},"18":{"loc":{"start":{"line":133,"column":4},"end":{"line":133,"column":75}},"type":"if","locations":[{"start":{"line":133,"column":4},"end":{"line":133,"column":75}},{"start":{},"end":{}}]},"19":{"loc":{"start":{"line":134,"column":4},"end":{"line":134,"column":75}},"type":"if","locations":[{"start":{"line":134,"column":4},"end":{"line":134,"column":75}},{"start":{},"end":{}}]},"20":{"loc":{"start":{"line":135,"column":4},"end":{"line":135,"column":80}},"type":"if","locations":[{"start":{"line":135,"column":4},"end":{"line":135,"column":80}},{"start":{},"end":{}}]},"21":{"loc":{"start":{"line":136,"column":4},"end":{"line":136,"column":59}},"type":"if","locations":[{"start":{"line":136,"column":4},"end":{"line":136,"column":59}},{"start":{},"end":{}}]},"22":{"loc":{"start":{"line":158,"column":4},"end":{"line":174,"column":5}},"type":"if","locations":[{"start":{"line":158,"column":4},"end":{"line":174,"column":5}},{"start":{},"end":{}}]},"23":{"loc":{"start":{"line":159,"column":6},"end":{"line":163,"column":39}},"type":"binary-expr","locations":[{"start":{"line":159,"column":6},"end":{"line":159,"column":12}},{"start":{"line":160,"column":6},"end":{"line":160,"column":39}},{"start":{"line":161,"column":6},"end":{"line":161,"column":39}},{"start":{"line":162,"column":6},"end":{"line":162,"column":39}},{"start":{"line":163,"column":6},"end":{"line":163,"column":39}}]},"24":{"loc":{"start":{"line":184,"column":4},"end":{"line":185,"column":70}},"type":"if","locations":[{"start":{"line":184,"column":4},"end":{"line":185,"column":70}},{"start":{},"end":{}}]},"25":{"loc":{"start":{"line":200,"column":4},"end":{"line":245,"column":5}},"type":"if","locations":[{"start":{"line":200,"column":4},"end":{"line":245,"column":5}},{"start":{"line":243,"column":11},"end":{"line":245,"column":5}}]},"26":{"loc":{"start":{"line":207,"column":6},"end":{"line":242,"column":7}},"type":"if","locations":[{"start":{"line":207,"column":6},"end":{"line":242,"column":7}},{"start":{"line":240,"column":13},"end":{"line":242,"column":7}}]},"27":{"loc":{"start":{"line":227,"column":15},"end":{"line":227,"column":72}},"type":"binary-expr","locations":[{"start":{"line":227,"column":15},"end":{"line":227,"column":46}},{"start":{"line":227,"column":50},"end":{"line":227,"column":72}}]},"28":{"loc":{"start":{"line":229,"column":15},"end":{"line":229,"column":68}},"type":"binary-expr","locations":[{"start":{"line":229,"column":15},"end":{"line":229,"column":46}},{"start":{"line":229,"column":50},"end":{"line":229,"column":68}}]},"29":{"loc":{"start":{"line":230,"column":25},"end":{"line":230,"column":41}},"type":"binary-expr","locations":[{"start":{"line":230,"column":25},"end":{"line":230,"column":33}},{"start":{"line":230,"column":37},"end":{"line":230,"column":41}}]},"30":{"loc":{"start":{"line":231,"column":25},"end":{"line":231,"column":42}},"type":"binary-expr","locations":[{"start":{"line":231,"column":25},"end":{"line":231,"column":34}},{"start":{"line":231,"column":38},"end":{"line":231,"column":42}}]},"31":{"loc":{"start":{"line":232,"column":25},"end":{"line":232,"column":42}},"type":"binary-expr","locations":[{"start":{"line":232,"column":25},"end":{"line":232,"column":36}},{"start":{"line":232,"column":40},"end":{"line":232,"column":42}}]},"32":{"loc":{"start":{"line":233,"column":19},"end":{"line":233,"column":30}},"type":"binary-expr","locations":[{"start":{"line":233,"column":19},"end":{"line":233,"column":24}},{"start":{"line":233,"column":28},"end":{"line":233,"column":30}}]},"33":{"loc":{"start":{"line":235,"column":58},"end":{"line":235,"column":92}},"type":"binary-expr","locations":[{"start":{"line":235,"column":58},"end":{"line":235,"column":78}},{"start":{"line":235,"column":82},"end":{"line":235,"column":92}}]},"34":{"loc":{"start":{"line":281,"column":12},"end":{"line":284,"column":18}},"type":"binary-expr","locations":[{"start":{"line":281,"column":12},"end":{"line":283,"column":null}},{"start":{"line":284,"column":17},"end":{"line":284,"column":18}}]},"35":{"loc":{"start":{"line":282,"column":33},"end":{"line":282,"column":73}},"type":"binary-expr","locations":[{"start":{"line":282,"column":33},"end":{"line":282,"column":68}},{"start":{"line":282,"column":72},"end":{"line":282,"column":73}}]},"36":{"loc":{"start":{"line":286,"column":12},"end":{"line":289,"column":18}},"type":"binary-expr","locations":[{"start":{"line":286,"column":12},"end":{"line":288,"column":null}},{"start":{"line":289,"column":17},"end":{"line":289,"column":18}}]},"37":{"loc":{"start":{"line":287,"column":33},"end":{"line":287,"column":68}},"type":"binary-expr","locations":[{"start":{"line":287,"column":33},"end":{"line":287,"column":63}},{"start":{"line":287,"column":67},"end":{"line":287,"column":68}}]},"38":{"loc":{"start":{"line":348,"column":18},"end":{"line":348,"column":75}},"type":"binary-expr","locations":[{"start":{"line":348,"column":18},"end":{"line":348,"column":49}},{"start":{"line":348,"column":53},"end":{"line":348,"column":75}}]},"39":{"loc":{"start":{"line":349,"column":22},"end":{"line":349,"column":75}},"type":"binary-expr","locations":[{"start":{"line":349,"column":22},"end":{"line":349,"column":53}},{"start":{"line":349,"column":57},"end":{"line":349,"column":75}}]},"40":{"loc":{"start":{"line":350,"column":19},"end":{"line":350,"column":35}},"type":"binary-expr","locations":[{"start":{"line":350,"column":19},"end":{"line":350,"column":27}},{"start":{"line":350,"column":31},"end":{"line":350,"column":35}}]},"41":{"loc":{"start":{"line":351,"column":19},"end":{"line":351,"column":36}},"type":"binary-expr","locations":[{"start":{"line":351,"column":19},"end":{"line":351,"column":28}},{"start":{"line":351,"column":32},"end":{"line":351,"column":36}}]},"42":{"loc":{"start":{"line":353,"column":20},"end":{"line":353,"column":37}},"type":"binary-expr","locations":[{"start":{"line":353,"column":20},"end":{"line":353,"column":31}},{"start":{"line":353,"column":35},"end":{"line":353,"column":37}}]},"43":{"loc":{"start":{"line":354,"column":20},"end":{"line":354,"column":67}},"type":"binary-expr","locations":[{"start":{"line":354,"column":20},"end":{"line":354,"column":21}},{"start":{"line":354,"column":25},"end":{"line":354,"column":46}},{"start":{"line":354,"column":50},"end":{"line":354,"column":67}}]},"44":{"loc":{"start":{"line":356,"column":14},"end":{"line":356,"column":25}},"type":"binary-expr","locations":[{"start":{"line":356,"column":14},"end":{"line":356,"column":19}},{"start":{"line":356,"column":23},"end":{"line":356,"column":25}}]},"45":{"loc":{"start":{"line":357,"column":20},"end":{"line":357,"column":67}},"type":"binary-expr","locations":[{"start":{"line":357,"column":20},"end":{"line":357,"column":21}},{"start":{"line":357,"column":25},"end":{"line":357,"column":46}},{"start":{"line":357,"column":50},"end":{"line":357,"column":67}}]},"46":{"loc":{"start":{"line":372,"column":4},"end":{"line":372,"column":85}},"type":"if","locations":[{"start":{"line":372,"column":4},"end":{"line":372,"column":85}},{"start":{},"end":{}}]},"47":{"loc":{"start":{"line":390,"column":17},"end":{"line":390,"column":48}},"type":"binary-expr","locations":[{"start":{"line":390,"column":17},"end":{"line":390,"column":26}},{"start":{"line":390,"column":30},"end":{"line":390,"column":48}}]},"48":{"loc":{"start":{"line":391,"column":21},"end":{"line":391,"column":60}},"type":"binary-expr","locations":[{"start":{"line":391,"column":21},"end":{"line":391,"column":34}},{"start":{"line":391,"column":38},"end":{"line":391,"column":60}}]},"49":{"loc":{"start":{"line":392,"column":19},"end":{"line":392,"column":75}},"type":"cond-expr","locations":[{"start":{"line":392,"column":44},"end":{"line":392,"column":52}},{"start":{"line":392,"column":55},"end":{"line":392,"column":75}}]},"50":{"loc":{"start":{"line":393,"column":19},"end":{"line":393,"column":77}},"type":"cond-expr","locations":[{"start":{"line":393,"column":45},"end":{"line":393,"column":54}},{"start":{"line":393,"column":57},"end":{"line":393,"column":77}}]},"51":{"loc":{"start":{"line":395,"column":19},"end":{"line":399,"column":30}},"type":"cond-expr","locations":[{"start":{"line":396,"column":10},"end":{"line":397,"column":null}},{"start":{"line":399,"column":10},"end":{"line":399,"column":30}}]},"52":{"loc":{"start":{"line":396,"column":11},"end":{"line":396,"column":28}},"type":"binary-expr","locations":[{"start":{"line":396,"column":11},"end":{"line":396,"column":22}},{"start":{"line":396,"column":26},"end":{"line":396,"column":28}}]},"53":{"loc":{"start":{"line":397,"column":24},"end":{"line":397,"column":71}},"type":"binary-expr","locations":[{"start":{"line":397,"column":24},"end":{"line":397,"column":25}},{"start":{"line":397,"column":29},"end":{"line":397,"column":50}},{"start":{"line":397,"column":54},"end":{"line":397,"column":71}}]},"54":{"loc":{"start":{"line":400,"column":13},"end":{"line":404,"column":24}},"type":"cond-expr","locations":[{"start":{"line":401,"column":10},"end":{"line":402,"column":null}},{"start":{"line":404,"column":10},"end":{"line":404,"column":24}}]},"55":{"loc":{"start":{"line":401,"column":11},"end":{"line":401,"column":22}},"type":"binary-expr","locations":[{"start":{"line":401,"column":11},"end":{"line":401,"column":16}},{"start":{"line":401,"column":20},"end":{"line":401,"column":22}}]},"56":{"loc":{"start":{"line":402,"column":24},"end":{"line":402,"column":71}},"type":"binary-expr","locations":[{"start":{"line":402,"column":24},"end":{"line":402,"column":25}},{"start":{"line":402,"column":29},"end":{"line":402,"column":50}},{"start":{"line":402,"column":54},"end":{"line":402,"column":71}}]},"57":{"loc":{"start":{"line":415,"column":4},"end":{"line":415,"column":85}},"type":"if","locations":[{"start":{"line":415,"column":4},"end":{"line":415,"column":85}},{"start":{},"end":{}}]},"58":{"loc":{"start":{"line":450,"column":8},"end":{"line":460,"column":9}},"type":"if","locations":[{"start":{"line":450,"column":8},"end":{"line":460,"column":9}},{"start":{},"end":{}}]},"59":{"loc":{"start":{"line":464,"column":4},"end":{"line":466,"column":5}},"type":"if","locations":[{"start":{"line":464,"column":4},"end":{"line":466,"column":5}},{"start":{},"end":{}}]},"60":{"loc":{"start":{"line":477,"column":4},"end":{"line":479,"column":5}},"type":"if","locations":[{"start":{"line":477,"column":4},"end":{"line":479,"column":5}},{"start":{},"end":{}}]},"61":{"loc":{"start":{"line":482,"column":4},"end":{"line":484,"column":5}},"type":"if","locations":[{"start":{"line":482,"column":4},"end":{"line":484,"column":5}},{"start":{},"end":{}}]},"62":{"loc":{"start":{"line":507,"column":6},"end":{"line":520,"column":7}},"type":"if","locations":[{"start":{"line":507,"column":6},"end":{"line":520,"column":7}},{"start":{"line":515,"column":13},"end":{"line":520,"column":7}}]},"63":{"loc":{"start":{"line":517,"column":8},"end":{"line":519,"column":9}},"type":"if","locations":[{"start":{"line":517,"column":8},"end":{"line":519,"column":9}},{"start":{},"end":{}}]},"64":{"loc":{"start":{"line":532,"column":4},"end":{"line":532,"column":87}},"type":"if","locations":[{"start":{"line":532,"column":4},"end":{"line":532,"column":87}},{"start":{},"end":{}}]},"65":{"loc":{"start":{"line":534,"column":4},"end":{"line":534,"column":61}},"type":"if","locations":[{"start":{"line":534,"column":4},"end":{"line":534,"column":61}},{"start":{},"end":{}}]},"66":{"loc":{"start":{"line":538,"column":4},"end":{"line":542,"column":5}},"type":"if","locations":[{"start":{"line":538,"column":4},"end":{"line":542,"column":5}},{"start":{"line":540,"column":11},"end":{"line":542,"column":5}}]},"67":{"loc":{"start":{"line":550,"column":4},"end":{"line":550,"column":87}},"type":"if","locations":[{"start":{"line":550,"column":4},"end":{"line":550,"column":87}},{"start":{},"end":{}}]},"68":{"loc":{"start":{"line":552,"column":4},"end":{"line":555,"column":5}},"type":"if","locations":[{"start":{"line":552,"column":4},"end":{"line":555,"column":5}},{"start":{},"end":{}}]},"69":{"loc":{"start":{"line":32,"column":39},"end":{"line":32,"column":57}},"type":"cond-expr","locations":[{"start":{"line":32,"column":49},"end":{"line":32,"column":57}},{"start":{"line":32,"column":49},"end":{"line":32,"column":57}}]},"70":{"loc":{"start":{"line":32,"column":39},"end":{"line":32,"column":49}},"type":"binary-expr","locations":[{"start":{"line":32,"column":39},"end":{"line":32,"column":57}},{"start":{"line":32,"column":39},"end":{"line":32,"column":49}}]},"71":{"loc":{"start":{"line":32,"column":49},"end":{"line":34,"column":73}},"type":"cond-expr","locations":[{"start":{"line":34,"column":57},"end":{"line":34,"column":73}},{"start":{"line":34,"column":57},"end":{"line":34,"column":73}}]},"72":{"loc":{"start":{"line":32,"column":49},"end":{"line":34,"column":57}},"type":"binary-expr","locations":[{"start":{"line":32,"column":49},"end":{"line":34,"column":73}},{"start":{"line":34,"column":47},"end":{"line":34,"column":57}}]},"73":{"loc":{"start":{"line":34,"column":57},"end":{"line":36,"column":67}},"type":"cond-expr","locations":[{"start":{"line":36,"column":51},"end":{"line":36,"column":67}},{"start":{"line":36,"column":51},"end":{"line":36,"column":67}}]},"74":{"loc":{"start":{"line":34,"column":57},"end":{"line":36,"column":51}},"type":"binary-expr","locations":[{"start":{"line":34,"column":57},"end":{"line":36,"column":67}},{"start":{"line":36,"column":41},"end":{"line":36,"column":51}}]},"75":{"loc":{"start":{"line":36,"column":51},"end":{"line":38,"column":71}},"type":"cond-expr","locations":[{"start":{"line":38,"column":49},"end":{"line":38,"column":71}},{"start":{"line":38,"column":49},"end":{"line":38,"column":71}}]},"76":{"loc":{"start":{"line":36,"column":51},"end":{"line":38,"column":49}},"type":"binary-expr","locations":[{"start":{"line":36,"column":51},"end":{"line":38,"column":71}},{"start":{"line":38,"column":39},"end":{"line":38,"column":49}}]},"77":{"loc":{"start":{"line":38,"column":49},"end":{"line":39,"column":null}},"type":"cond-expr","locations":[{"start":{"line":39,"column":51},"end":{"line":39,"column":null}},{"start":{"line":39,"column":51},"end":{"line":39,"column":null}}]},"78":{"loc":{"start":{"line":38,"column":49},"end":{"line":39,"column":51}},"type":"binary-expr","locations":[{"start":{"line":38,"column":49},"end":{"line":39,"column":null}},{"start":{"line":39,"column":37},"end":{"line":39,"column":51}}]},"79":{"loc":{"start":{"line":39,"column":51},"end":{"line":40,"column":null}},"type":"cond-expr","locations":[{"start":{"line":40,"column":48},"end":{"line":40,"column":null}},{"start":{"line":40,"column":48},"end":{"line":40,"column":null}}]},"80":{"loc":{"start":{"line":39,"column":51},"end":{"line":40,"column":48}},"type":"binary-expr","locations":[{"start":{"line":39,"column":51},"end":{"line":40,"column":null}},{"start":{"line":40,"column":35},"end":{"line":40,"column":48}}]}},"s":{"0":1,"1":1,"2":1,"3":1,"4":1,"5":1,"6":1,"7":1,"8":1,"9":1,"10":29,"11":29,"12":29,"13":29,"14":29,"15":29,"16":29,"17":8,"18":8,"19":3,"20":5,"21":5,"22":5,"23":5,"24":3,"25":3,"26":3,"27":3,"28":3,"29":3,"30":3,"31":3,"32":3,"33":2,"34":5,"35":0,"36":0,"37":0,"38":0,"39":0,"40":0,"41":0,"42":0,"43":0,"44":0,"45":0,"46":0,"47":0,"48":0,"49":0,"50":0,"51":0,"52":0,"53":0,"54":0,"55":0,"56":0,"57":0,"58":0,"59":0,"60":0,"61":0,"62":0,"63":0,"64":26,"65":26,"66":5,"67":21,"68":6,"69":6,"70":6,"71":6,"72":6,"73":4,"74":4,"75":4,"76":4,"77":3,"78":3,"79":3,"80":3,"81":3,"82":3,"83":3,"84":3,"85":1,"86":2,"87":6,"88":6,"89":3,"90":3,"91":0,"92":0,"93":0,"94":0,"95":0,"96":0,"97":0,"98":0,"99":0,"100":0,"101":6,"102":6,"103":6,"104":12,"105":4,"106":6,"107":0,"108":0,"109":0,"110":0,"111":0,"112":0,"113":0,"114":0,"115":0,"116":0,"117":0,"118":0,"119":0,"120":0,"121":0,"122":0,"123":0,"124":0,"125":0,"126":0,"127":0,"128":0,"129":0,"130":0,"131":0,"132":0,"133":0,"134":0,"135":0,"136":0,"137":0,"138":0,"139":0,"140":0,"141":0,"142":0,"143":0,"144":0,"145":0,"146":0,"147":0,"148":0,"149":0,"150":0,"151":0,"152":0,"153":0,"154":0,"155":0,"156":0,"157":0,"158":0,"159":0,"160":0,"161":0,"162":0,"163":0,"164":0,"165":0,"166":0,"167":0,"168":0,"169":0,"170":0,"171":0,"172":0,"173":0,"174":1,"175":1},"f":{"0":29,"1":8,"2":3,"3":0,"4":0,"5":26,"6":6,"7":3,"8":6,"9":0,"10":0,"11":0,"12":0,"13":0,"14":6,"15":12,"16":4,"17":0,"18":0,"19":0,"20":0,"21":0,"22":0,"23":0,"24":0,"25":0,"26":0,"27":0,"28":0,"29":0},"b":{"0":[3,5],"1":[3,2],"2":[5,4],"3":[3,0],"4":[3,0],"5":[3,0],"6":[3,0],"7":[3,0],"8":[3,0],"9":[3,0],"10":[0],"11":[0],"12":[0,0],"13":[0,0],"14":[0,0],"15":[0,0],"16":[0,0],"17":[0,0],"18":[0,0],"19":[0,0],"20":[0,0],"21":[0,0],"22":[0,0],"23":[0,0,0,0,0],"24":[5,21],"25":[4,2],"26":[3,1],"27":[3,0],"28":[3,0],"29":[3,3],"30":[3,3],"31":[3,0],"32":[3,0],"33":[3,0],"34":[0,0],"35":[0,0],"36":[0,0],"37":[0,0],"38":[6,5],"39":[6,5],"40":[6,5],"41":[6,5],"42":[6,3],"43":[12,8,8],"44":[6,5],"45":[4,3,3],"46":[0,0],"47":[0,0],"48":[0,0],"49":[0,0],"50":[0,0],"51":[0,0],"52":[0,0],"53":[0,0,0],"54":[0,0],"55":[0,0],"56":[0,0,0],"57":[0,0],"58":[0,0],"59":[0,0],"60":[0,0],"61":[0,0],"62":[0,0],"63":[0,0],"64":[0,0],"65":[0,0],"66":[0,0],"67":[0,0],"68":[0,0],"69":[1,0],"70":[1,1],"71":[1,0],"72":[1,1],"73":[1,0],"74":[1,1],"75":[1,0],"76":[1,1],"77":[1,0],"78":[1,1],"79":[1,0],"80":[1,1]}}
}
