TN:
SF:src/modules/analytics/analytics.service.ts
FN:26,(anonymous_4)
FN:41,(anonymous_5)
FN:82,(anonymous_6)
FN:94,(anonymous_7)
FN:108,(anonymous_8)
FN:121,(anonymous_9)
FN:135,(anonymous_10)
FN:147,(anonymous_11)
FN:166,(anonymous_12)
FN:170,(anonymous_13)
FN:192,(anonymous_14)
FN:194,(anonymous_15)
FN:198,(anonymous_16)
FN:263,(anonymous_17)
FN:265,(anonymous_18)
FN:267,(anonymous_19)
FN:269,(anonymous_20)
FN:271,(anonymous_21)
FN:273,(anonymous_22)
FN:287,(anonymous_23)
FN:315,(anonymous_24)
FN:376,(anonymous_25)
FN:386,(anonymous_26)
FN:391,(anonymous_27)
FN:397,(anonymous_28)
FN:398,(anonymous_29)
FN:403,(anonymous_30)
FN:417,(anonymous_31)
FN:433,(anonymous_32)
FN:441,(anonymous_33)
FN:454,(anonymous_34)
FN:458,(anonymous_35)
FN:468,(anonymous_36)
FN:494,(anonymous_37)
FN:510,(anonymous_38)
FNF:35
FNH:35
FNDA:75,(anonymous_4)
FNDA:2,(anonymous_5)
FNDA:2,(anonymous_6)
FNDA:4,(anonymous_7)
FNDA:2,(anonymous_8)
FNDA:4,(anonymous_9)
FNDA:2,(anonymous_10)
FNDA:9,(anonymous_11)
FNDA:2,(anonymous_12)
FNDA:2,(anonymous_13)
FNDA:1,(anonymous_14)
FNDA:1,(anonymous_15)
FNDA:1,(anonymous_16)
FNDA:5,(anonymous_17)
FNDA:5,(anonymous_18)
FNDA:5,(anonymous_19)
FNDA:5,(anonymous_20)
FNDA:5,(anonymous_21)
FNDA:2,(anonymous_22)
FNDA:33,(anonymous_23)
FNDA:9,(anonymous_24)
FNDA:43,(anonymous_25)
FNDA:46,(anonymous_26)
FNDA:43,(anonymous_27)
FNDA:39,(anonymous_28)
FNDA:34,(anonymous_29)
FNDA:34,(anonymous_30)
FNDA:42,(anonymous_31)
FNDA:41,(anonymous_32)
FNDA:33,(anonymous_33)
FNDA:9,(anonymous_34)
FNDA:9,(anonymous_35)
FNDA:31,(anonymous_36)
FNDA:41,(anonymous_37)
FNDA:14,(anonymous_38)
DA:1,2
DA:2,2
DA:3,2
DA:4,2
DA:5,2
DA:9,2
DA:10,2
DA:14,2
DA:15,2
DA:19,2
DA:20,2
DA:23,2
DA:24,75
DA:28,75
DA:30,75
DA:32,75
DA:34,75
DA:36,75
DA:38,75
DA:43,2
DA:63,2
DA:79,2
DA:82,2
DA:95,4
DA:100,4
DA:101,2
DA:102,4
DA:103,2
DA:105,4
DA:109,2
DA:113,2
DA:114,2
DA:115,3
DA:116,3
DA:118,2
DA:124,4
DA:128,4
DA:129,2
DA:131,2
DA:135,2
DA:136,2
DA:137,2
DA:138,1
DA:140,1
DA:141,1
DA:148,9
DA:153,9
DA:154,1
DA:157,8
DA:159,8
DA:161,8
DA:162,8
DA:163,8
DA:165,8
DA:166,2
DA:169,8
DA:170,2
DA:174,8
DA:177,8
DA:179,8
DA:180,8
DA:181,8
DA:183,8
DA:190,8
DA:192,8
DA:193,8
DA:194,1
DA:197,8
DA:198,1
DA:201,8
DA:203,8
DA:204,8
DA:209,8
DA:210,8
DA:211,8
DA:212,8
DA:213,8
DA:215,8
DA:216,8
DA:217,8
DA:218,8
DA:219,8
DA:221,8
DA:222,8
DA:223,8
DA:225,8
DA:226,8
DA:230,8
DA:234,8
DA:236,8
DA:237,8
DA:238,8
DA:239,8
DA:240,8
DA:243,8
DA:244,8
DA:246,8
DA:247,8
DA:248,8
DA:249,8
DA:250,8
DA:255,8
DA:260,8
DA:263,5
DA:265,5
DA:267,5
DA:269,5
DA:271,5
DA:273,2
DA:282,8
DA:284,8
DA:288,33
DA:289,33
DA:292,33
DA:297,33
DA:300,33
DA:308,33
DA:313,33
DA:314,33
DA:315,9
DA:319,33
DA:324,33
DA:326,33
DA:330,33
DA:331,33
DA:341,33
DA:345,33
DA:366,33
DA:369,33
DA:373,33
DA:377,43
DA:379,24
DA:386,46
DA:388,24
DA:395,43
DA:396,43
DA:397,39
DA:398,34
DA:401,43
DA:402,19
DA:403,34
DA:404,24
DA:405,3
DA:407,21
DA:411,22
DA:412,13
DA:413,11
DA:414,5
DA:421,42
DA:422,11
DA:423,11
DA:424,11
DA:426,11
DA:427,6
DA:428,5
DA:429,4
DA:430,1
DA:435,41
DA:436,35
DA:437,15
DA:438,9
DA:449,33
DA:450,33
DA:451,33
DA:453,33
DA:454,9
DA:457,33
DA:458,9
DA:462,33
DA:467,33
DA:469,31
DA:472,33
DA:473,8
DA:479,33
DA:480,3
DA:481,3
DA:482,3
DA:487,33
DA:488,24
DA:491,33
DA:497,41
DA:501,41
DA:503,10
DA:509,10
DA:510,14
DA:514,10
LF:186
LH:186
BRDA:84,0,0,2
BRDA:84,0,1,1
BRDA:100,1,0,2
BRDA:100,1,1,2
BRDA:102,2,0,2
BRDA:102,2,1,2
BRDA:128,3,0,2
BRDA:128,3,1,2
BRDA:140,4,0,1
BRDA:140,4,1,0
BRDA:153,5,0,1
BRDA:153,5,1,8
BRDA:162,6,0,8
BRDA:162,6,1,0
BRDA:163,7,0,8
BRDA:163,7,1,0
BRDA:166,8,0,2
BRDA:166,8,1,0
BRDA:170,9,0,2
BRDA:170,9,1,0
BRDA:174,10,0,1
BRDA:174,10,1,7
BRDA:176,11,0,7
BRDA:176,11,1,7
BRDA:179,12,0,8
BRDA:179,12,1,7
BRDA:180,13,0,8
BRDA:180,13,1,7
BRDA:185,14,0,8
BRDA:185,14,1,7
BRDA:186,15,0,8
BRDA:186,15,1,7
BRDA:187,16,0,8
BRDA:187,16,1,8
BRDA:188,17,0,8
BRDA:188,17,1,8
BRDA:190,18,0,1
BRDA:190,18,1,7
BRDA:197,19,0,1
BRDA:197,19,1,7
BRDA:201,20,0,1
BRDA:201,20,1,7
BRDA:227,21,0,1
BRDA:227,21,1,7
BRDA:231,22,0,1
BRDA:231,22,1,7
BRDA:234,23,0,8
BRDA:234,23,1,0
BRDA:247,24,0,8
BRDA:247,24,1,8
BRDA:248,25,0,8
BRDA:248,25,1,0
BRDA:249,26,0,8
BRDA:249,26,1,8
BRDA:251,27,0,0
BRDA:251,27,1,8
BRDA:288,28,0,33
BRDA:288,28,1,0
BRDA:302,29,0,0
BRDA:302,29,1,33
BRDA:310,30,0,33
BRDA:310,30,1,0
BRDA:313,31,0,33
BRDA:313,31,1,0
BRDA:315,32,0,9
BRDA:315,32,1,0
BRDA:319,33,0,8
BRDA:319,33,1,25
BRDA:321,34,0,25
BRDA:321,34,1,21
BRDA:345,35,0,1
BRDA:345,35,1,32
BRDA:377,36,0,19
BRDA:377,36,1,24
BRDA:377,37,0,43
BRDA:377,37,1,41
BRDA:386,38,0,46
BRDA:386,38,1,1
BRDA:401,39,0,19
BRDA:401,39,1,24
BRDA:404,40,0,3
BRDA:404,40,1,21
BRDA:411,41,0,9
BRDA:411,41,1,13
BRDA:412,42,0,2
BRDA:412,42,1,11
BRDA:413,43,0,6
BRDA:413,43,1,5
BRDA:421,44,0,31
BRDA:421,44,1,11
BRDA:422,45,0,11
BRDA:422,45,1,1
BRDA:423,46,0,11
BRDA:423,46,1,0
BRDA:426,47,0,5
BRDA:426,47,1,6
BRDA:427,48,0,1
BRDA:427,48,1,5
BRDA:428,49,0,1
BRDA:428,49,1,4
BRDA:429,50,0,3
BRDA:429,50,1,1
BRDA:435,51,0,6
BRDA:435,51,1,35
BRDA:436,52,0,20
BRDA:436,52,1,15
BRDA:437,53,0,6
BRDA:437,53,1,9
BRDA:450,54,0,33
BRDA:450,54,1,0
BRDA:451,55,0,33
BRDA:451,55,1,0
BRDA:453,56,0,33
BRDA:453,56,1,25
BRDA:454,57,0,9
BRDA:454,57,1,0
BRDA:458,58,0,9
BRDA:458,58,1,0
BRDA:462,59,0,8
BRDA:462,59,1,25
BRDA:464,60,0,25
BRDA:464,60,1,21
BRDA:469,61,0,31
BRDA:469,61,1,24
BRDA:472,62,0,8
BRDA:472,62,1,25
BRDA:479,63,0,3
BRDA:479,63,1,30
BRDA:479,64,0,33
BRDA:479,64,1,8
BRDA:487,65,0,24
BRDA:487,65,1,9
BRDA:501,66,0,31
BRDA:501,66,1,10
BRDA:510,67,0,14
BRDA:510,67,1,5
BRDA:135,68,0,2
BRDA:135,68,1,0
BRDA:135,69,0,2
BRDA:135,69,1,2
BRDA:28,70,0,2
BRDA:28,70,1,0
BRDA:28,71,0,2
BRDA:28,71,1,2
BRDA:28,72,0,2
BRDA:28,72,1,0
BRDA:28,73,0,2
BRDA:28,73,1,2
BRDA:30,74,0,2
BRDA:30,74,1,0
BRDA:30,75,0,2
BRDA:30,75,1,2
BRDA:32,76,0,2
BRDA:32,76,1,0
BRDA:32,77,0,2
BRDA:32,77,1,2
BRDA:34,78,0,2
BRDA:34,78,1,0
BRDA:34,79,0,2
BRDA:34,79,1,2
BRDA:36,80,0,2
BRDA:36,80,1,0
BRDA:36,81,0,2
BRDA:36,81,1,2
BRF:164
BRH:139
end_of_record
TN:
SF:src/modules/auth/auth.service.ts
FN:12,(anonymous_13)
FN:19,(anonymous_14)
FN:52,(anonymous_15)
FN:74,(anonymous_16)
FN:79,(anonymous_17)
FN:88,(anonymous_18)
FN:103,(anonymous_19)
FNF:7
FNH:7
FNDA:24,(anonymous_13)
FNDA:13,(anonymous_14)
FNDA:13,(anonymous_15)
FNDA:1,(anonymous_16)
FNDA:4,(anonymous_17)
FNDA:8,(anonymous_18)
FNDA:8,(anonymous_19)
DA:1,1
DA:2,1
DA:3,1
DA:4,1
DA:5,1
DA:6,1
DA:7,1
DA:11,1
DA:14,24
DA:15,24
DA:16,24
DA:20,13
DA:22,13
DA:32,13
DA:34,8
DA:35,8
DA:36,3
DA:39,5
DA:41,5
DA:42,5
DA:44,5
DA:46,5
DA:53,13
DA:63,13
DA:64,7
DA:66,6
DA:67,6
DA:69,3
DA:70,3
DA:71,3
DA:75,1
DA:76,1
DA:80,4
DA:84,4
DA:85,1
DA:89,8
DA:90,8
DA:100,8
DA:104,8
DA:105,8
LF:40
LH:40
BRDA:32,0,0,5
BRDA:32,0,1,8
BRDA:35,1,0,3
BRDA:35,1,1,5
BRDA:63,2,0,7
BRDA:63,2,1,6
BRDA:63,3,0,13
BRDA:63,3,1,10
BRDA:67,4,0,3
BRDA:67,4,1,3
BRDA:84,5,0,3
BRDA:84,5,1,1
BRDA:14,6,0,1
BRDA:14,6,1,0
BRDA:14,7,0,1
BRDA:14,7,1,1
BRDA:14,8,0,1
BRDA:14,8,1,0
BRDA:14,9,0,1
BRDA:14,9,1,1
BRDA:15,10,0,1
BRDA:15,10,1,0
BRDA:15,11,0,1
BRDA:15,11,1,1
BRF:24
BRH:21
end_of_record
TN:
SF:src/modules/dashboard/dashboard.service.ts
FN:29,(anonymous_4)
FN:40,(anonymous_5)
FN:60,(anonymous_6)
FN:68,(anonymous_7)
FN:69,(anonymous_8)
FN:72,(anonymous_9)
FN:81,(anonymous_10)
FN:95,(anonymous_11)
FN:99,(anonymous_12)
FN:112,(anonymous_13)
FN:115,(anonymous_14)
FN:118,(anonymous_15)
FN:146,(anonymous_16)
FN:212,(anonymous_17)
FN:245,(anonymous_18)
FN:252,(anonymous_19)
FN:312,(anonymous_20)
FN:319,(anonymous_21)
FN:327,(anonymous_22)
FN:379,(anonymous_23)
FN:387,(anonymous_24)
FN:388,(anonymous_25)
FN:393,(anonymous_26)
FNF:23
FNH:16
FNDA:24,(anonymous_4)
FNDA:24,(anonymous_5)
FNDA:27,(anonymous_6)
FNDA:27,(anonymous_7)
FNDA:27,(anonymous_8)
FNDA:27,(anonymous_9)
FNDA:24,(anonymous_10)
FNDA:1,(anonymous_11)
FNDA:1,(anonymous_12)
FNDA:27,(anonymous_13)
FNDA:27,(anonymous_14)
FNDA:27,(anonymous_15)
FNDA:0,(anonymous_16)
FNDA:0,(anonymous_17)
FNDA:0,(anonymous_18)
FNDA:0,(anonymous_19)
FNDA:0,(anonymous_20)
FNDA:0,(anonymous_21)
FNDA:0,(anonymous_22)
FNDA:22,(anonymous_23)
FNDA:27,(anonymous_24)
FNDA:27,(anonymous_25)
FNDA:27,(anonymous_26)
DA:1,1
DA:2,1
DA:3,1
DA:4,1
DA:5,1
DA:6,1
DA:7,1
DA:8,1
DA:9,1
DA:25,1
DA:28,1
DA:31,24
DA:33,24
DA:35,24
DA:36,24
DA:37,24
DA:41,24
DA:45,24
DA:46,2
DA:49,22
DA:50,22
DA:53,22
DA:59,22
DA:60,27
DA:64,22
DA:67,22
DA:68,27
DA:69,27
DA:71,22
DA:72,27
DA:75,22
DA:81,22
DA:83,24
DA:85,24
DA:88,24
DA:89,24
DA:90,24
DA:94,22
DA:95,1
DA:98,22
DA:99,1
DA:103,22
DA:108,22
DA:111,22
DA:112,22
DA:113,27
DA:115,22
DA:116,27
DA:118,22
DA:119,27
DA:122,22
DA:128,22
DA:129,22
DA:130,22
DA:135,22
DA:148,0
DA:150,0
DA:163,0
DA:164,0
DA:167,0
DA:183,0
DA:184,0
DA:185,0
DA:186,0
DA:187,0
DA:189,0
DA:196,0
DA:205,0
DA:212,0
DA:220,0
DA:227,0
DA:228,0
DA:230,0
DA:231,0
DA:236,0
DA:237,0
DA:238,0
DA:239,0
DA:241,0
DA:242,0
DA:246,0
DA:248,0
DA:251,0
DA:252,0
DA:253,0
DA:255,0
DA:257,0
DA:258,0
DA:260,0
DA:263,0
DA:264,0
DA:267,0
DA:268,0
DA:269,0
DA:270,0
DA:271,0
DA:272,0
DA:273,0
DA:274,0
DA:275,0
DA:276,0
DA:277,0
DA:278,0
DA:279,0
DA:282,0
DA:284,0
DA:285,0
DA:286,0
DA:287,0
DA:288,0
DA:289,0
DA:290,0
DA:291,0
DA:296,0
DA:300,0
DA:301,0
DA:302,0
DA:303,0
DA:304,0
DA:309,0
DA:312,0
DA:313,0
DA:314,0
DA:315,0
DA:319,0
DA:320,0
DA:321,0
DA:327,0
DA:328,0
DA:329,0
DA:330,0
DA:333,0
DA:343,0
DA:368,0
DA:376,0
DA:383,22
DA:385,14
DA:386,14
DA:387,27
DA:388,27
DA:390,14
DA:393,27
DA:397,14
DA:398,14
DA:399,0
DA:400,0
LF:146
LH:64
BRDA:45,0,0,2
BRDA:45,0,1,22
BRDA:49,1,0,22
BRDA:49,1,1,0
BRDA:60,2,0,27
BRDA:60,2,1,1
BRDA:64,3,0,14
BRDA:64,3,1,8
BRDA:71,4,0,14
BRDA:71,4,1,8
BRDA:83,5,0,24
BRDA:83,5,1,21
BRDA:85,6,0,24
BRDA:85,6,1,0
BRDA:89,7,0,24
BRDA:89,7,1,0
BRDA:90,8,0,24
BRDA:90,8,1,16
BRDA:94,9,0,22
BRDA:94,9,1,0
BRDA:95,10,0,1
BRDA:95,10,1,0
BRDA:98,11,0,22
BRDA:98,11,1,0
BRDA:99,12,0,1
BRDA:99,12,1,0
BRDA:103,13,0,1
BRDA:103,13,1,21
BRDA:108,14,0,1
BRDA:108,14,1,21
BRDA:111,15,0,22
BRDA:111,15,1,0
BRDA:113,16,0,27
BRDA:113,16,1,22
BRDA:116,17,0,27
BRDA:116,17,1,22
BRDA:119,18,0,27
BRDA:119,18,1,22
BRDA:184,19,0,0
BRDA:184,19,1,0
BRDA:236,20,0,0
BRDA:236,20,1,0
BRDA:241,21,0,0
BRDA:241,21,1,0
BRDA:248,22,0,0
BRDA:248,22,1,0
BRDA:251,23,0,0
BRDA:251,23,1,0
BRDA:257,24,0,0
BRDA:257,24,1,0
BRDA:257,25,0,0
BRDA:257,25,1,0
BRDA:263,26,0,0
BRDA:263,26,1,0
BRDA:263,27,0,0
BRDA:263,27,1,0
BRDA:267,28,0,0
BRDA:267,28,1,0
BRDA:268,29,0,0
BRDA:268,29,1,0
BRDA:271,30,0,0
BRDA:271,30,1,0
BRDA:274,31,0,0
BRDA:274,31,1,0
BRDA:277,32,0,0
BRDA:277,32,1,0
BRDA:284,33,0,0
BRDA:284,33,1,0
BRDA:284,34,0,0
BRDA:284,34,1,0
BRDA:285,35,0,0
BRDA:285,35,1,0
BRDA:286,36,0,0
BRDA:286,36,1,0
BRDA:287,37,0,0
BRDA:287,37,1,0
BRDA:289,38,0,0
BRDA:289,38,1,0
BRDA:290,39,0,0
BRDA:290,39,1,0
BRDA:291,40,0,0
BRDA:291,40,1,0
BRDA:292,41,0,0
BRDA:292,41,1,0
BRDA:292,41,2,0
BRDA:301,42,0,0
BRDA:301,42,1,0
BRDA:309,43,0,0
BRDA:309,43,1,0
BRDA:314,44,0,0
BRDA:314,44,1,0
BRDA:315,45,0,0
BRDA:315,45,1,0
BRDA:320,46,0,0
BRDA:320,46,1,0
BRDA:328,47,0,0
BRDA:328,47,1,0
BRDA:328,48,0,0
BRDA:328,48,1,0
BRDA:329,49,0,0
BRDA:329,49,1,0
BRDA:329,50,0,0
BRDA:329,50,1,0
BRDA:383,51,0,8
BRDA:383,51,1,14
BRDA:390,52,0,0
BRDA:390,52,1,14
BRDA:397,53,0,0
BRDA:397,53,1,14
BRDA:398,54,0,14
BRDA:398,54,1,0
BRDA:399,55,0,0
BRDA:399,55,1,0
BRDA:31,56,0,1
BRDA:31,56,1,0
BRDA:31,57,0,1
BRDA:31,57,1,1
BRDA:31,58,0,1
BRDA:31,58,1,0
BRDA:31,59,0,1
BRDA:31,59,1,1
BRDA:33,60,0,1
BRDA:33,60,1,0
BRDA:33,61,0,1
BRDA:33,61,1,1
BRDA:35,62,0,1
BRDA:35,62,1,0
BRDA:35,63,0,1
BRDA:35,63,1,1
BRDA:36,64,0,1
BRDA:36,64,1,0
BRDA:36,65,0,1
BRDA:36,65,1,1
BRF:133
BRH:50
end_of_record
TN:
SF:src/modules/schools/schools.service.ts
FN:30,(anonymous_4)
FN:43,(anonymous_5)
FN:62,(anonymous_6)
FN:98,(anonymous_7)
FN:145,(anonymous_8)
FN:179,(anonymous_9)
FN:189,(anonymous_10)
FN:209,(anonymous_11)
FN:250,(anonymous_12)
FN:257,(anonymous_13)
FN:261,(anonymous_14)
FN:282,(anonymous_15)
FN:287,(anonymous_16)
FN:297,(anonymous_17)
FN:325,(anonymous_18)
FN:354,(anonymous_19)
FN:357,(anonymous_20)
FN:364,(anonymous_21)
FN:397,(anonymous_22)
FN:402,(anonymous_23)
FN:413,(anonymous_24)
FN:421,(anonymous_25)
FN:425,(anonymous_26)
FN:431,(anonymous_27)
FN:471,(anonymous_28)
FN:489,(anonymous_29)
FN:530,(anonymous_30)
FN:537,(anonymous_31)
FN:548,(anonymous_32)
FN:553,(anonymous_33)
FNF:30
FNH:10
FNDA:29,(anonymous_4)
FNDA:8,(anonymous_5)
FNDA:3,(anonymous_6)
FNDA:0,(anonymous_7)
FNDA:0,(anonymous_8)
FNDA:26,(anonymous_9)
FNDA:6,(anonymous_10)
FNDA:3,(anonymous_11)
FNDA:6,(anonymous_12)
FNDA:0,(anonymous_13)
FNDA:0,(anonymous_14)
FNDA:0,(anonymous_15)
FNDA:0,(anonymous_16)
FNDA:0,(anonymous_17)
FNDA:6,(anonymous_18)
FNDA:12,(anonymous_19)
FNDA:4,(anonymous_20)
FNDA:0,(anonymous_21)
FNDA:0,(anonymous_22)
FNDA:0,(anonymous_23)
FNDA:0,(anonymous_24)
FNDA:0,(anonymous_25)
FNDA:0,(anonymous_26)
FNDA:0,(anonymous_27)
FNDA:0,(anonymous_28)
FNDA:0,(anonymous_29)
FNDA:0,(anonymous_30)
FNDA:0,(anonymous_31)
FNDA:0,(anonymous_32)
FNDA:0,(anonymous_33)
DA:1,1
DA:7,1
DA:8,1
DA:9,1
DA:10,1
DA:11,1
DA:18,1
DA:20,1
DA:24,1
DA:27,1
DA:28,29
DA:32,29
DA:34,29
DA:36,29
DA:38,29
DA:39,29
DA:40,29
DA:44,8
DA:47,8
DA:48,3
DA:53,5
DA:55,5
DA:56,5
DA:59,5
DA:60,3
DA:61,3
DA:62,3
DA:73,3
DA:74,3
DA:86,3
DA:87,3
DA:89,3
DA:90,3
DA:92,2
DA:95,5
DA:115,0
DA:117,0
DA:118,0
DA:119,0
DA:120,0
DA:121,0
DA:123,0
DA:125,0
DA:126,0
DA:133,0
DA:134,0
DA:135,0
DA:136,0
DA:138,0
DA:139,0
DA:141,0
DA:142,0
DA:154,0
DA:158,0
DA:165,0
DA:176,0
DA:180,26
DA:184,26
DA:185,5
DA:186,21
DA:190,6
DA:193,6
DA:196,6
DA:197,6
DA:200,6
DA:201,4
DA:202,4
DA:204,4
DA:207,4
DA:208,3
DA:209,3
DA:220,3
DA:221,3
DA:235,3
DA:236,3
DA:238,3
DA:239,3
DA:241,1
DA:244,2
DA:247,6
DA:251,6
DA:253,3
DA:254,3
DA:258,0
DA:259,0
DA:261,0
DA:282,0
DA:287,0
DA:298,0
DA:299,0
DA:306,0
DA:314,0
DA:321,0
DA:339,6
DA:341,6
DA:343,6
DA:354,12
DA:357,4
DA:361,6
DA:368,0
DA:369,0
DA:371,0
DA:372,0
DA:384,0
DA:386,0
DA:397,0
DA:402,0
DA:407,0
DA:408,0
DA:409,0
DA:410,0
DA:414,0
DA:415,0
DA:416,0
DA:422,0
DA:426,0
DA:436,0
DA:437,0
DA:439,0
DA:440,0
DA:442,0
DA:450,0
DA:451,0
DA:459,0
DA:464,0
DA:465,0
DA:468,0
DA:476,0
DA:477,0
DA:478,0
DA:481,0
DA:482,0
DA:483,0
DA:486,0
DA:498,0
DA:499,0
DA:507,0
DA:508,0
DA:516,0
DA:517,0
DA:518,0
DA:522,0
DA:525,0
DA:526,0
DA:527,0
DA:531,0
DA:532,0
DA:534,0
DA:537,0
DA:538,0
DA:539,0
DA:541,0
DA:544,0
DA:545,0
DA:549,0
DA:550,0
DA:552,0
DA:553,0
DA:554,0
LF:159
LH:68
BRDA:47,0,0,3
BRDA:47,0,1,5
BRDA:59,1,0,3
BRDA:59,1,1,2
BRDA:59,2,0,5
BRDA:59,2,1,4
BRDA:79,3,0,3
BRDA:79,3,1,0
BRDA:80,4,0,3
BRDA:80,4,1,0
BRDA:81,5,0,3
BRDA:81,5,1,0
BRDA:82,6,0,3
BRDA:82,6,1,0
BRDA:83,7,0,3
BRDA:83,7,1,0
BRDA:84,8,0,3
BRDA:84,8,1,0
BRDA:86,9,0,3
BRDA:86,9,1,0
BRDA:113,10,0,0
BRDA:114,11,0,0
BRDA:115,12,0,0
BRDA:115,12,1,0
BRDA:118,13,0,0
BRDA:118,13,1,0
BRDA:119,14,0,0
BRDA:119,14,1,0
BRDA:120,15,0,0
BRDA:120,15,1,0
BRDA:121,16,0,0
BRDA:121,16,1,0
BRDA:125,17,0,0
BRDA:125,17,1,0
BRDA:133,18,0,0
BRDA:133,18,1,0
BRDA:134,19,0,0
BRDA:134,19,1,0
BRDA:135,20,0,0
BRDA:135,20,1,0
BRDA:136,21,0,0
BRDA:136,21,1,0
BRDA:158,22,0,0
BRDA:158,22,1,0
BRDA:159,23,0,0
BRDA:159,23,1,0
BRDA:159,23,2,0
BRDA:159,23,3,0
BRDA:159,23,4,0
BRDA:184,24,0,5
BRDA:184,24,1,21
BRDA:200,25,0,4
BRDA:200,25,1,2
BRDA:207,26,0,3
BRDA:207,26,1,1
BRDA:227,27,0,3
BRDA:227,27,1,0
BRDA:229,28,0,3
BRDA:229,28,1,0
BRDA:230,29,0,3
BRDA:230,29,1,3
BRDA:231,30,0,3
BRDA:231,30,1,3
BRDA:232,31,0,3
BRDA:232,31,1,0
BRDA:233,32,0,3
BRDA:233,32,1,0
BRDA:235,33,0,3
BRDA:235,33,1,0
BRDA:281,34,0,0
BRDA:281,34,1,0
BRDA:282,35,0,0
BRDA:282,35,1,0
BRDA:286,36,0,0
BRDA:286,36,1,0
BRDA:287,37,0,0
BRDA:287,37,1,0
BRDA:348,38,0,6
BRDA:348,38,1,5
BRDA:349,39,0,6
BRDA:349,39,1,5
BRDA:350,40,0,6
BRDA:350,40,1,5
BRDA:351,41,0,6
BRDA:351,41,1,5
BRDA:353,42,0,6
BRDA:353,42,1,3
BRDA:354,43,0,12
BRDA:354,43,1,8
BRDA:354,43,2,8
BRDA:356,44,0,6
BRDA:356,44,1,5
BRDA:357,45,0,4
BRDA:357,45,1,3
BRDA:357,45,2,3
BRDA:372,46,0,0
BRDA:372,46,1,0
BRDA:390,47,0,0
BRDA:390,47,1,0
BRDA:391,48,0,0
BRDA:391,48,1,0
BRDA:392,49,0,0
BRDA:392,49,1,0
BRDA:393,50,0,0
BRDA:393,50,1,0
BRDA:395,51,0,0
BRDA:395,51,1,0
BRDA:396,52,0,0
BRDA:396,52,1,0
BRDA:397,53,0,0
BRDA:397,53,1,0
BRDA:397,53,2,0
BRDA:400,54,0,0
BRDA:400,54,1,0
BRDA:401,55,0,0
BRDA:401,55,1,0
BRDA:402,56,0,0
BRDA:402,56,1,0
BRDA:402,56,2,0
BRDA:415,57,0,0
BRDA:415,57,1,0
BRDA:450,58,0,0
BRDA:450,58,1,0
BRDA:464,59,0,0
BRDA:464,59,1,0
BRDA:477,60,0,0
BRDA:477,60,1,0
BRDA:482,61,0,0
BRDA:482,61,1,0
BRDA:507,62,0,0
BRDA:507,62,1,0
BRDA:517,63,0,0
BRDA:517,63,1,0
BRDA:532,64,0,0
BRDA:532,64,1,0
BRDA:534,65,0,0
BRDA:534,65,1,0
BRDA:538,66,0,0
BRDA:538,66,1,0
BRDA:550,67,0,0
BRDA:550,67,1,0
BRDA:552,68,0,0
BRDA:552,68,1,0
BRDA:32,69,0,1
BRDA:32,69,1,0
BRDA:32,70,0,1
BRDA:32,70,1,1
BRDA:32,71,0,1
BRDA:32,71,1,0
BRDA:32,72,0,1
BRDA:32,72,1,1
BRDA:34,73,0,1
BRDA:34,73,1,0
BRDA:34,74,0,1
BRDA:34,74,1,1
BRDA:36,75,0,1
BRDA:36,75,1,0
BRDA:36,76,0,1
BRDA:36,76,1,1
BRDA:38,77,0,1
BRDA:38,77,1,0
BRDA:38,78,0,1
BRDA:38,78,1,1
BRDA:39,79,0,1
BRDA:39,79,1,0
BRDA:39,80,0,1
BRDA:39,80,1,1
BRF:167
BRH:64
end_of_record
